[ 2015-04-05T16:13:59+08:00 ] 127.0.0.1 /bishe/index.php/Index-abc-name-lifen
INFO: [ route_check ] --START--
INFO: Run CheckRoute Behavior [ RunTime:0.001361s ]
INFO: [ route_check ] --END-- [ RunTime:0.001509s ]
INFO: [ app_begin ] --START--
INFO: Run ReadHtmlCache Behavior [ RunTime:0.001002s ]
INFO: [ app_begin ] --END-- [ RunTime:0.001174s ]

[ 2015-04-05T16:14:03+08:00 ] 127.0.0.1 /bishe/index.php/Index-abc-name-lifen
INFO: [ route_check ] --START--
INFO: Run CheckRoute Behavior [ RunTime:0.001753s ]
INFO: [ route_check ] --END-- [ RunTime:0.002163s ]
INFO: [ app_begin ] --START--
INFO: Run ReadHtmlCache Behavior [ RunTime:0.001774s ]
INFO: [ app_begin ] --END-- [ RunTime:0.002224s ]

[ 2015-04-05T16:14:04+08:00 ] 127.0.0.1 /bishe/index.php/Index-abc-name-lifen
INFO: [ route_check ] --START--
INFO: Run CheckRoute Behavior [ RunTime:0.001849s ]
INFO: [ route_check ] --END-- [ RunTime:0.002261s ]
INFO: [ app_begin ] --START--
INFO: Run ReadHtmlCache Behavior [ RunTime:0.001161s ]
INFO: [ app_begin ] --END-- [ RunTime:0.001360s ]

[ 2015-04-05T16:14:18+08:00 ] ERR: (ThinkException) 无法加载模块:Index-abc-name-lifen
[ 2015-04-05T16:14:19+08:00 ] ERR: (ThinkException) 无法加载模块:Index-abc-name-lifen
[ 2015-04-05T16:14:24+08:00 ] 127.0.0.1 /bishe/index.php/Index-abc-name-lifen
INFO: [ route_check ] --START--
INFO: Run CheckRoute Behavior [ RunTime:0.001106s ]
INFO: [ route_check ] --END-- [ RunTime:0.001290s ]
INFO: [ app_begin ] --START--
INFO: Run ReadHtmlCache Behavior [ RunTime:0.000684s ]
INFO: [ app_begin ] --END-- [ RunTime:0.000819s ]

[ 2015-04-05T16:14:40+08:00 ] ERR: (ThinkException) 无法加载模块:Index/abc/name/lifen
[ 2015-04-05T16:14:44+08:00 ] ERR: (ThinkException) 无法加载模块:Index/abc/name/lifen
[ 2015-04-05T16:14:50+08:00 ] 127.0.0.1 /bishe/index.php/Index/abc/name/lifen
INFO: [ route_check ] --START--
INFO: Run CheckRoute Behavior [ RunTime:0.002372s ]
INFO: [ route_check ] --END-- [ RunTime:0.002704s ]
INFO: [ app_begin ] --START--
INFO: Run ReadHtmlCache Behavior [ RunTime:0.002710s ]
INFO: [ app_begin ] --END-- [ RunTime:0.002966s ]

[ 2015-04-05T16:25:20+08:00 ] 127.0.0.1 /bishe/index.php/Index/abc/name/lifen
INFO: [ route_check ] --START--
INFO: Run CheckRoute Behavior [ RunTime:0.001787s ]
INFO: [ route_check ] --END-- [ RunTime:0.001953s ]
INFO: [ app_begin ] --START--
INFO: Run ReadHtmlCache Behavior [ RunTime:0.001218s ]
INFO: [ app_begin ] --END-- [ RunTime:0.001422s ]

[ 2015-04-05T16:37:51+08:00 ] ERR: (ThinkException) 模板不存在[./Home/Tpl/Index/index.html]
[ 2015-04-05T16:38:30+08:00 ] ERR: (ThinkException) 模板不存在[./Home/Tpl/Index/index.html]
[ 2015-04-05T16:39:29+08:00 ] 127.0.0.1 /bishe/index.php/Index
INFO: [ route_check ] --START--
INFO: Run CheckRoute Behavior [ RunTime:0.001063s ]
INFO: [ route_check ] --END-- [ RunTime:0.001240s ]
INFO: [ app_begin ] --START--
INFO: Run ReadHtmlCache Behavior [ RunTime:0.000829s ]
INFO: [ app_begin ] --END-- [ RunTime:0.000968s ]
INFO: [ view_template ] --START--
INFO: Run LocationTemplate Behavior [ RunTime:0.001994s ]
INFO: [ view_template ] --END-- [ RunTime:0.002615s ]
INFO: [ view_parse ] --START--
INFO: Run ParseTemplate Behavior [ RunTime:0.011318s ]
INFO: [ view_parse ] --END-- [ RunTime:0.011533s ]
INFO: [ view_filter ] --START--
INFO: Run ContentReplace Behavior [ RunTime:0.000516s ]
INFO: Run TokenBuild Behavior [ RunTime:0.000485s ]
INFO: Run WriteHtmlCache Behavior [ RunTime:0.001499s ]
INFO: Run ShowRuntime Behavior [ RunTime:0.001254s ]
INFO: [ view_filter ] --END-- [ RunTime:0.004255s ]
INFO: [ view_end ] --START--
INFO: Run ShowPageTrace Behavior [ RunTime:0.001716s ]
INFO: [ view_end ] --END-- [ RunTime:0.001956s ]

[ 2015-04-05T16:40:14+08:00 ] 127.0.0.1 /bishe/index.php/Index
INFO: [ route_check ] --START--
INFO: Run CheckRoute Behavior [ RunTime:0.005519s ]
INFO: [ route_check ] --END-- [ RunTime:0.005877s ]
INFO: [ app_begin ] --START--
INFO: Run ReadHtmlCache Behavior [ RunTime:0.001617s ]
INFO: [ app_begin ] --END-- [ RunTime:0.001946s ]
INFO: [ view_template ] --START--
INFO: Run LocationTemplate Behavior [ RunTime:0.000882s ]
INFO: [ view_template ] --END-- [ RunTime:0.001035s ]
INFO: [ view_parse ] --START--
INFO: Run ParseTemplate Behavior [ RunTime:0.010177s ]
INFO: [ view_parse ] --END-- [ RunTime:0.010324s ]
INFO: [ view_filter ] --START--
INFO: Run ContentReplace Behavior [ RunTime:0.000504s ]
INFO: Run TokenBuild Behavior [ RunTime:0.000510s ]
INFO: Run WriteHtmlCache Behavior [ RunTime:0.000370s ]
INFO: Run ShowRuntime Behavior [ RunTime:0.000601s ]
INFO: [ view_filter ] --END-- [ RunTime:0.002247s ]
INFO: [ view_end ] --START--
INFO: Run ShowPageTrace Behavior [ RunTime:0.000905s ]
INFO: [ view_end ] --END-- [ RunTime:0.001014s ]

[ 2015-04-05T16:43:24+08:00 ] 127.0.0.1 /bishe/index.php/Index
INFO: [ route_check ] --START--
INFO: Run CheckRoute Behavior [ RunTime:0.001802s ]
INFO: [ route_check ] --END-- [ RunTime:0.002017s ]
INFO: [ app_begin ] --START--
INFO: Run ReadHtmlCache Behavior [ RunTime:0.000717s ]
INFO: [ app_begin ] --END-- [ RunTime:0.000831s ]
INFO: [ view_template ] --START--
INFO: Run LocationTemplate Behavior [ RunTime:0.001108s ]
INFO: [ view_template ] --END-- [ RunTime:0.001280s ]
INFO: [ view_parse ] --START--
INFO: Run ParseTemplate Behavior [ RunTime:0.016651s ]
INFO: [ view_parse ] --END-- [ RunTime:0.016884s ]
INFO: [ view_filter ] --START--
INFO: Run ContentReplace Behavior [ RunTime:0.001008s ]
INFO: Run TokenBuild Behavior [ RunTime:0.000818s ]
INFO: Run WriteHtmlCache Behavior [ RunTime:0.000451s ]
INFO: Run ShowRuntime Behavior [ RunTime:0.000610s ]
INFO: [ view_filter ] --END-- [ RunTime:0.003273s ]
INFO: [ view_end ] --START--
INFO: Run ShowPageTrace Behavior [ RunTime:0.000695s ]
INFO: [ view_end ] --END-- [ RunTime:0.000794s ]

[ 2015-04-05T16:43:45+08:00 ] 127.0.0.1 /bishe/index.php/Index/show
INFO: [ route_check ] --START--
INFO: Run CheckRoute Behavior [ RunTime:0.000993s ]
INFO: [ route_check ] --END-- [ RunTime:0.001191s ]
INFO: [ app_begin ] --START--
INFO: Run ReadHtmlCache Behavior [ RunTime:0.000788s ]
INFO: [ app_begin ] --END-- [ RunTime:0.000922s ]
NOTIC: [2048] Declaration of IndexAction::show() should be compatible with that of Action::show() E:\wamp\www\bishe\Home\Lib\Action\IndexAction.class.php 第 12 行.
NOTIC: [8] Undefined index: name E:\wamp\www\bishe\Home\Lib\Action\IndexAction.class.php 第 10 行.

[ 2015-04-05T16:44:01+08:00 ] 127.0.0.1 /bishe/index.php/Index/show
INFO: [ route_check ] --START--
INFO: Run CheckRoute Behavior [ RunTime:0.001009s ]
INFO: [ route_check ] --END-- [ RunTime:0.001202s ]
INFO: [ app_begin ] --START--
INFO: Run ReadHtmlCache Behavior [ RunTime:0.000720s ]
INFO: [ app_begin ] --END-- [ RunTime:0.000854s ]
NOTIC: [2048] Declaration of IndexAction::show() should be compatible with that of Action::show() E:\wamp\www\bishe\Home\Lib\Action\IndexAction.class.php 第 13 行.
NOTIC: [8] Undefined index: name E:\wamp\www\bishe\Home\Lib\Action\IndexAction.class.php 第 10 行.
INFO: [ view_template ] --START--
INFO: Run LocationTemplate Behavior [ RunTime:0.000554s ]
INFO: [ view_template ] --END-- [ RunTime:0.000660s ]
INFO: [ view_parse ] --START--
INFO: Run ParseTemplate Behavior [ RunTime:0.009634s ]
INFO: [ view_parse ] --END-- [ RunTime:0.009817s ]
INFO: [ view_filter ] --START--
INFO: Run ContentReplace Behavior [ RunTime:0.000649s ]
INFO: Run TokenBuild Behavior [ RunTime:0.000660s ]
INFO: Run WriteHtmlCache Behavior [ RunTime:0.000451s ]
INFO: Run ShowRuntime Behavior [ RunTime:0.000762s ]
INFO: [ view_filter ] --END-- [ RunTime:0.002972s ]
INFO: [ view_end ] --START--
INFO: Run ShowPageTrace Behavior [ RunTime:0.000555s ]
INFO: [ view_end ] --END-- [ RunTime:0.000650s ]

[ 2015-04-05T16:55:18+08:00 ] 127.0.0.1 /bishe/index.php/Index/show
INFO: [ route_check ] --START--
INFO: Run CheckRoute Behavior [ RunTime:0.001079s ]
INFO: [ route_check ] --END-- [ RunTime:0.001233s ]
INFO: [ app_begin ] --START--
INFO: Run ReadHtmlCache Behavior [ RunTime:0.000644s ]
INFO: [ app_begin ] --END-- [ RunTime:0.000746s ]
NOTIC: [2048] Declaration of IndexAction::show() should be compatible with that of Action::show() E:\wamp\www\bishe\Home\Lib\Action\IndexAction.class.php 第 14 行.
NOTIC: [8] Undefined index: name E:\wamp\www\bishe\Home\Lib\Action\IndexAction.class.php 第 10 行.
INFO: [ view_template ] --START--
INFO: Run LocationTemplate Behavior [ RunTime:0.000807s ]
INFO: [ view_template ] --END-- [ RunTime:0.000925s ]
INFO: [ view_parse ] --START--
NOTIC: [8] Undefined variable: data E:\wamp\www\bishe\Home\Runtime\Cache\8900f6c60654ed91e9ce9789196cfe05.php 第 8 行.
INFO: Run ParseTemplate Behavior [ RunTime:0.015441s ]
INFO: [ view_parse ] --END-- [ RunTime:0.015618s ]
INFO: [ view_filter ] --START--
INFO: Run ContentReplace Behavior [ RunTime:0.001054s ]
INFO: Run TokenBuild Behavior [ RunTime:0.001254s ]
INFO: Run WriteHtmlCache Behavior [ RunTime:0.001174s ]
INFO: Run ShowRuntime Behavior [ RunTime:0.001126s ]
INFO: [ view_filter ] --END-- [ RunTime:0.005266s ]
INFO: [ view_end ] --START--
INFO: Run ShowPageTrace Behavior [ RunTime:0.001593s ]
INFO: [ view_end ] --END-- [ RunTime:0.001982s ]

[ 2015-04-05T16:57:17+08:00 ] 127.0.0.1 /bishe/index.php/Index/show
INFO: [ route_check ] --START--
INFO: Run CheckRoute Behavior [ RunTime:0.000676s ]
INFO: [ route_check ] --END-- [ RunTime:0.000795s ]
INFO: [ app_begin ] --START--
INFO: Run ReadHtmlCache Behavior [ RunTime:0.000496s ]
INFO: [ app_begin ] --END-- [ RunTime:0.000593s ]
NOTIC: [2048] Declaration of IndexAction::show() should be compatible with that of Action::show() E:\wamp\www\bishe\Home\Lib\Action\IndexAction.class.php 第 15 行.
NOTIC: [8] Undefined index: name E:\wamp\www\bishe\Home\Lib\Action\IndexAction.class.php 第 10 行.
INFO: [ view_template ] --START--
INFO: Run LocationTemplate Behavior [ RunTime:0.000591s ]
INFO: [ view_template ] --END-- [ RunTime:0.000757s ]
INFO: [ view_parse ] --START--
INFO: Run ParseTemplate Behavior [ RunTime:0.012355s ]
INFO: [ view_parse ] --END-- [ RunTime:0.012540s ]
INFO: [ view_filter ] --START--
INFO: Run ContentReplace Behavior [ RunTime:0.000484s ]
INFO: Run TokenBuild Behavior [ RunTime:0.000390s ]
INFO: Run WriteHtmlCache Behavior [ RunTime:0.000246s ]
INFO: Run ShowRuntime Behavior [ RunTime:0.000468s ]
INFO: [ view_filter ] --END-- [ RunTime:0.001832s ]
INFO: [ view_end ] --START--
INFO: Run ShowPageTrace Behavior [ RunTime:0.000515s ]
INFO: [ view_end ] --END-- [ RunTime:0.000605s ]

[ 2015-04-05T17:06:33+08:00 ] 127.0.0.1 /bishe/index.php/Index/show
INFO: [ route_check ] --START--
INFO: Run CheckRoute Behavior [ RunTime:0.001236s ]
INFO: [ route_check ] --END-- [ RunTime:0.001363s ]
INFO: [ app_begin ] --START--
INFO: Run ReadHtmlCache Behavior [ RunTime:0.001102s ]
INFO: [ app_begin ] --END-- [ RunTime:0.001221s ]
NOTIC: [2048] Declaration of IndexAction::show() should be compatible with that of Action::show() E:\wamp\www\bishe\Home\Lib\Action\IndexAction.class.php 第 18 行.
NOTIC: [8] Undefined index: name E:\wamp\www\bishe\Home\Lib\Action\IndexAction.class.php 第 10 行.
SQL: SHOW COLUMNS FROM `think_user` [ RunTime:0.002595s ]
ERR: No database selected
 [ SQL语句 ] : SHOW COLUMNS FROM `think_user`
SQL: SELECT * FROM `think_user`  [ RunTime:0.000893s ]
ERR: No database selected
 [ SQL语句 ] : SELECT * FROM `think_user` 
INFO: [ view_template ] --START--
INFO: Run LocationTemplate Behavior [ RunTime:0.004680s ]
INFO: [ view_template ] --END-- [ RunTime:0.004894s ]
INFO: [ view_parse ] --START--
INFO: Run ParseTemplate Behavior [ RunTime:0.021027s ]
INFO: [ view_parse ] --END-- [ RunTime:0.021228s ]
INFO: [ view_filter ] --START--
INFO: Run ContentReplace Behavior [ RunTime:0.002400s ]
INFO: Run TokenBuild Behavior [ RunTime:0.001703s ]
INFO: Run WriteHtmlCache Behavior [ RunTime:0.002088s ]
INFO: Run ShowRuntime Behavior [ RunTime:0.001328s ]
INFO: [ view_filter ] --END-- [ RunTime:0.008606s ]
INFO: [ view_end ] --START--
INFO: Run ShowPageTrace Behavior [ RunTime:0.002565s ]
INFO: [ view_end ] --END-- [ RunTime:0.002761s ]

[ 2015-04-05T17:12:08+08:00 ] 127.0.0.1 /bishe/index.php/Index/show
INFO: [ route_check ] --START--
INFO: Run CheckRoute Behavior [ RunTime:0.001023s ]
INFO: [ route_check ] --END-- [ RunTime:0.001173s ]
INFO: [ app_begin ] --START--
INFO: Run ReadHtmlCache Behavior [ RunTime:0.000729s ]
INFO: [ app_begin ] --END-- [ RunTime:0.000832s ]
NOTIC: [2048] Declaration of IndexAction::show() should be compatible with that of Action::show() E:\wamp\www\bishe\Home\Lib\Action\IndexAction.class.php 第 18 行.
NOTIC: [8] Undefined index: name E:\wamp\www\bishe\Home\Lib\Action\IndexAction.class.php 第 10 行.
SQL: SHOW COLUMNS FROM `bs_user` [ RunTime:0.039764s ]
ERR: Table 'bishe.bs_user' doesn't exist
 [ SQL语句 ] : SHOW COLUMNS FROM `bs_user`
SQL: SELECT * FROM `bs_user`  [ RunTime:0.000959s ]
ERR: Table 'bishe.bs_user' doesn't exist
 [ SQL语句 ] : SELECT * FROM `bs_user` 
INFO: [ view_template ] --START--
INFO: Run LocationTemplate Behavior [ RunTime:0.001095s ]
INFO: [ view_template ] --END-- [ RunTime:0.001207s ]
INFO: [ view_parse ] --START--
INFO: Run ParseTemplate Behavior [ RunTime:0.009392s ]
INFO: [ view_parse ] --END-- [ RunTime:0.009558s ]
INFO: [ view_filter ] --START--
INFO: Run ContentReplace Behavior [ RunTime:0.000920s ]
INFO: Run TokenBuild Behavior [ RunTime:0.001410s ]
INFO: Run WriteHtmlCache Behavior [ RunTime:0.001109s ]
INFO: Run ShowRuntime Behavior [ RunTime:0.000868s ]
INFO: [ view_filter ] --END-- [ RunTime:0.004735s ]
INFO: [ view_end ] --START--
INFO: Run ShowPageTrace Behavior [ RunTime:0.002085s ]
INFO: [ view_end ] --END-- [ RunTime:0.002274s ]

[ 2015-04-05T17:12:38+08:00 ] 127.0.0.1 /bishe/index.php/Index/show
INFO: [ route_check ] --START--
INFO: Run CheckRoute Behavior [ RunTime:0.001099s ]
INFO: [ route_check ] --END-- [ RunTime:0.001263s ]
INFO: [ app_begin ] --START--
INFO: Run ReadHtmlCache Behavior [ RunTime:0.000878s ]
INFO: [ app_begin ] --END-- [ RunTime:0.001014s ]
NOTIC: [2048] Declaration of IndexAction::show() should be compatible with that of Action::show() E:\wamp\www\bishe\Home\Lib\Action\IndexAction.class.php 第 18 行.
NOTIC: [8] Undefined index: name E:\wamp\www\bishe\Home\Lib\Action\IndexAction.class.php 第 10 行.
SQL: SHOW COLUMNS FROM `bs_user` [ RunTime:0.009452s ]
ERR: Table 'bishe.bs_user' doesn't exist
 [ SQL语句 ] : SHOW COLUMNS FROM `bs_user`
SQL: SELECT * FROM `bs_user`  [ RunTime:0.000560s ]
ERR: Table 'bishe.bs_user' doesn't exist
 [ SQL语句 ] : SELECT * FROM `bs_user` 
INFO: [ view_template ] --START--
INFO: Run LocationTemplate Behavior [ RunTime:0.001418s ]
INFO: [ view_template ] --END-- [ RunTime:0.001557s ]
INFO: [ view_parse ] --START--
INFO: Run ParseTemplate Behavior [ RunTime:0.010550s ]
INFO: [ view_parse ] --END-- [ RunTime:0.010725s ]
INFO: [ view_filter ] --START--
INFO: Run ContentReplace Behavior [ RunTime:0.000943s ]
INFO: Run TokenBuild Behavior [ RunTime:0.000929s ]
INFO: Run WriteHtmlCache Behavior [ RunTime:0.000650s ]
INFO: Run ShowRuntime Behavior [ RunTime:0.001099s ]
INFO: [ view_filter ] --END-- [ RunTime:0.004077s ]
INFO: [ view_end ] --START--
INFO: Run ShowPageTrace Behavior [ RunTime:0.001232s ]
INFO: [ view_end ] --END-- [ RunTime:0.001402s ]

[ 2015-04-05T17:12:45+08:00 ] 127.0.0.1 /bishe/index.php/Index/show
INFO: [ route_check ] --START--
INFO: Run CheckRoute Behavior [ RunTime:0.001831s ]
INFO: [ route_check ] --END-- [ RunTime:0.002032s ]
INFO: [ app_begin ] --START--
INFO: Run ReadHtmlCache Behavior [ RunTime:0.001354s ]
INFO: [ app_begin ] --END-- [ RunTime:0.001518s ]
NOTIC: [2048] Declaration of IndexAction::show() should be compatible with that of Action::show() E:\wamp\www\bishe\Home\Lib\Action\IndexAction.class.php 第 18 行.
NOTIC: [8] Undefined index: name E:\wamp\www\bishe\Home\Lib\Action\IndexAction.class.php 第 10 行.
SQL: SHOW COLUMNS FROM `bs_user` [ RunTime:0.037556s ]
ERR: Table 'bishe.bs_user' doesn't exist
 [ SQL语句 ] : SHOW COLUMNS FROM `bs_user`
SQL: SELECT * FROM `bs_user`  [ RunTime:0.001407s ]
ERR: Table 'bishe.bs_user' doesn't exist
 [ SQL语句 ] : SELECT * FROM `bs_user` 
INFO: [ view_template ] --START--
INFO: Run LocationTemplate Behavior [ RunTime:0.003555s ]
INFO: [ view_template ] --END-- [ RunTime:0.003835s ]
INFO: [ view_parse ] --START--
INFO: Run ParseTemplate Behavior [ RunTime:0.019349s ]
INFO: [ view_parse ] --END-- [ RunTime:0.019646s ]
INFO: [ view_filter ] --START--
INFO: Run ContentReplace Behavior [ RunTime:0.001120s ]
INFO: Run TokenBuild Behavior [ RunTime:0.000935s ]
INFO: Run WriteHtmlCache Behavior [ RunTime:0.000819s ]
INFO: Run ShowRuntime Behavior [ RunTime:0.001174s ]
INFO: [ view_filter ] --END-- [ RunTime:0.004646s ]
INFO: [ view_end ] --START--
INFO: Run ShowPageTrace Behavior [ RunTime:0.001833s ]
INFO: [ view_end ] --END-- [ RunTime:0.002114s ]

[ 2015-04-05T17:13:12+08:00 ] 127.0.0.1 /bishe/index.php/Index/show
INFO: [ route_check ] --START--
INFO: Run CheckRoute Behavior [ RunTime:0.001185s ]
INFO: [ route_check ] --END-- [ RunTime:0.001305s ]
INFO: [ app_begin ] --START--
INFO: Run ReadHtmlCache Behavior [ RunTime:0.000958s ]
INFO: [ app_begin ] --END-- [ RunTime:0.001064s ]
NOTIC: [2048] Declaration of IndexAction::show() should be compatible with that of Action::show() E:\wamp\www\bishe\Home\Lib\Action\IndexAction.class.php 第 18 行.
NOTIC: [8] Undefined index: name E:\wamp\www\bishe\Home\Lib\Action\IndexAction.class.php 第 10 行.
SQL: SHOW COLUMNS FROM `bs_user` [ RunTime:0.005705s ]
ERR: Table 'bishe.bs_user' doesn't exist
 [ SQL语句 ] : SHOW COLUMNS FROM `bs_user`
SQL: SELECT * FROM `bs_user`  [ RunTime:0.000536s ]
ERR: Table 'bishe.bs_user' doesn't exist
 [ SQL语句 ] : SELECT * FROM `bs_user` 
INFO: [ view_template ] --START--
INFO: Run LocationTemplate Behavior [ RunTime:0.001899s ]
INFO: [ view_template ] --END-- [ RunTime:0.002066s ]
INFO: [ view_parse ] --START--
INFO: Run ParseTemplate Behavior [ RunTime:0.012509s ]
INFO: [ view_parse ] --END-- [ RunTime:0.012703s ]
INFO: [ view_filter ] --START--
INFO: Run ContentReplace Behavior [ RunTime:0.001270s ]
INFO: Run TokenBuild Behavior [ RunTime:0.001833s ]
INFO: Run WriteHtmlCache Behavior [ RunTime:0.001246s ]
INFO: Run ShowRuntime Behavior [ RunTime:0.001511s ]
INFO: [ view_filter ] --END-- [ RunTime:0.006717s ]
INFO: [ view_end ] --START--
INFO: Run ShowPageTrace Behavior [ RunTime:0.001915s ]
INFO: [ view_end ] --END-- [ RunTime:0.002102s ]

[ 2015-04-05T17:13:26+08:00 ] 127.0.0.1 /bishe/index.php/Index/show
INFO: [ route_check ] --START--
INFO: Run CheckRoute Behavior [ RunTime:0.001067s ]
INFO: [ route_check ] --END-- [ RunTime:0.001195s ]
INFO: [ app_begin ] --START--
INFO: Run ReadHtmlCache Behavior [ RunTime:0.000819s ]
INFO: [ app_begin ] --END-- [ RunTime:0.000927s ]
NOTIC: [2048] Declaration of IndexAction::show() should be compatible with that of Action::show() E:\wamp\www\bishe\Home\Lib\Action\IndexAction.class.php 第 18 行.
NOTIC: [8] Undefined index: name E:\wamp\www\bishe\Home\Lib\Action\IndexAction.class.php 第 10 行.
SQL: SHOW COLUMNS FROM `bs_user` [ RunTime:0.006516s ]
ERR: Table 'bishe.bs_user' doesn't exist
 [ SQL语句 ] : SHOW COLUMNS FROM `bs_user`
SQL: SELECT * FROM `bs_user`  [ RunTime:0.000498s ]
ERR: Table 'bishe.bs_user' doesn't exist
 [ SQL语句 ] : SELECT * FROM `bs_user` 
INFO: [ view_template ] --START--
INFO: Run LocationTemplate Behavior [ RunTime:0.001763s ]
INFO: [ view_template ] --END-- [ RunTime:0.001960s ]
INFO: [ view_parse ] --START--
INFO: Run ParseTemplate Behavior [ RunTime:0.009924s ]
INFO: [ view_parse ] --END-- [ RunTime:0.010068s ]
INFO: [ view_filter ] --START--
INFO: Run ContentReplace Behavior [ RunTime:0.000732s ]
INFO: Run TokenBuild Behavior [ RunTime:0.000693s ]
INFO: Run WriteHtmlCache Behavior [ RunTime:0.000629s ]
INFO: Run ShowRuntime Behavior [ RunTime:0.001200s ]
INFO: [ view_filter ] --END-- [ RunTime:0.003613s ]
INFO: [ view_end ] --START--
INFO: Run ShowPageTrace Behavior [ RunTime:0.001185s ]
INFO: [ view_end ] --END-- [ RunTime:0.001314s ]

[ 2015-04-05T17:13:45+08:00 ] 127.0.0.1 /bishe/index.php/Index/show
INFO: [ route_check ] --START--
INFO: Run CheckRoute Behavior [ RunTime:0.001555s ]
INFO: [ route_check ] --END-- [ RunTime:0.001716s ]
INFO: [ app_begin ] --START--
INFO: Run ReadHtmlCache Behavior [ RunTime:0.001070s ]
INFO: [ app_begin ] --END-- [ RunTime:0.001189s ]
NOTIC: [2048] Declaration of IndexAction::show() should be compatible with that of Action::show() E:\wamp\www\bishe\Home\Lib\Action\IndexAction.class.php 第 18 行.
NOTIC: [8] Undefined index: name E:\wamp\www\bishe\Home\Lib\Action\IndexAction.class.php 第 10 行.
SQL: SHOW COLUMNS FROM `bs_user` [ RunTime:0.006108s ]
ERR: Table 'bishe.bs_user' doesn't exist
 [ SQL语句 ] : SHOW COLUMNS FROM `bs_user`
SQL: SELECT * FROM `bs_user`  [ RunTime:0.000775s ]
ERR: Table 'bishe.bs_user' doesn't exist
 [ SQL语句 ] : SELECT * FROM `bs_user` 
INFO: [ view_template ] --START--
INFO: Run LocationTemplate Behavior [ RunTime:0.001744s ]
INFO: [ view_template ] --END-- [ RunTime:0.001903s ]
INFO: [ view_parse ] --START--
INFO: Run ParseTemplate Behavior [ RunTime:0.008723s ]
INFO: [ view_parse ] --END-- [ RunTime:0.008856s ]
INFO: [ view_filter ] --START--
INFO: Run ContentReplace Behavior [ RunTime:0.000772s ]
INFO: Run TokenBuild Behavior [ RunTime:0.000708s ]
INFO: Run WriteHtmlCache Behavior [ RunTime:0.000556s ]
INFO: Run ShowRuntime Behavior [ RunTime:0.001466s ]
INFO: [ view_filter ] --END-- [ RunTime:0.003971s ]
INFO: [ view_end ] --START--
INFO: Run ShowPageTrace Behavior [ RunTime:0.001154s ]
INFO: [ view_end ] --END-- [ RunTime:0.001301s ]

[ 2015-04-05T17:14:27+08:00 ] 127.0.0.1 /bishe/index.php/Index/show
INFO: [ route_check ] --START--
INFO: Run CheckRoute Behavior [ RunTime:0.001808s ]
INFO: [ route_check ] --END-- [ RunTime:0.002076s ]
INFO: [ app_begin ] --START--
INFO: Run ReadHtmlCache Behavior [ RunTime:0.001071s ]
INFO: [ app_begin ] --END-- [ RunTime:0.001256s ]
NOTIC: [2048] Declaration of IndexAction::show() should be compatible with that of Action::show() E:\wamp\www\bishe\Home\Lib\Action\IndexAction.class.php 第 18 行.
NOTIC: [8] Undefined index: name E:\wamp\www\bishe\Home\Lib\Action\IndexAction.class.php 第 10 行.
SQL: SHOW COLUMNS FROM `bs_user` [ RunTime:0.005792s ]
ERR: Table 'bishe.bs_user' doesn't exist
 [ SQL语句 ] : SHOW COLUMNS FROM `bs_user`
SQL: SELECT * FROM `bs_user`  [ RunTime:0.001097s ]
ERR: Table 'bishe.bs_user' doesn't exist
 [ SQL语句 ] : SELECT * FROM `bs_user` 
INFO: [ view_template ] --START--
INFO: Run LocationTemplate Behavior [ RunTime:0.001135s ]
INFO: [ view_template ] --END-- [ RunTime:0.001261s ]
INFO: [ view_parse ] --START--
INFO: Run ParseTemplate Behavior [ RunTime:0.009129s ]
INFO: [ view_parse ] --END-- [ RunTime:0.009258s ]
INFO: [ view_filter ] --START--
INFO: Run ContentReplace Behavior [ RunTime:0.000703s ]
INFO: Run TokenBuild Behavior [ RunTime:0.001834s ]
INFO: Run WriteHtmlCache Behavior [ RunTime:0.000932s ]
INFO: Run ShowRuntime Behavior [ RunTime:0.001142s ]
INFO: [ view_filter ] --END-- [ RunTime:0.005194s ]
INFO: [ view_end ] --START--
INFO: Run ShowPageTrace Behavior [ RunTime:0.001673s ]
INFO: [ view_end ] --END-- [ RunTime:0.001846s ]

[ 2015-04-05T17:14:53+08:00 ] 127.0.0.1 /bishe/index.php/Index/show
INFO: [ route_check ] --START--
INFO: Run CheckRoute Behavior [ RunTime:0.000880s ]
INFO: [ route_check ] --END-- [ RunTime:0.001008s ]
INFO: [ app_begin ] --START--
INFO: Run ReadHtmlCache Behavior [ RunTime:0.000740s ]
INFO: [ app_begin ] --END-- [ RunTime:0.000853s ]
NOTIC: [2048] Declaration of IndexAction::show() should be compatible with that of Action::show() E:\wamp\www\bishe\Home\Lib\Action\IndexAction.class.php 第 19 行.
NOTIC: [8] Undefined index: name E:\wamp\www\bishe\Home\Lib\Action\IndexAction.class.php 第 10 行.
SQL: SHOW COLUMNS FROM `bs_user` [ RunTime:0.010110s ]
ERR: Table 'bishe.bs_user' doesn't exist
 [ SQL语句 ] : SHOW COLUMNS FROM `bs_user`
SQL: SELECT * FROM `bs_user`  [ RunTime:0.002915s ]
ERR: Table 'bishe.bs_user' doesn't exist
 [ SQL语句 ] : SELECT * FROM `bs_user` 
INFO: [ view_template ] --START--
INFO: Run LocationTemplate Behavior [ RunTime:0.001472s ]
INFO: [ view_template ] --END-- [ RunTime:0.001672s ]
INFO: [ view_parse ] --START--
INFO: Run ParseTemplate Behavior [ RunTime:0.008702s ]
INFO: [ view_parse ] --END-- [ RunTime:0.008831s ]
INFO: [ view_filter ] --START--
INFO: Run ContentReplace Behavior [ RunTime:0.000582s ]
INFO: Run TokenBuild Behavior [ RunTime:0.000575s ]
INFO: Run WriteHtmlCache Behavior [ RunTime:0.000443s ]
INFO: Run ShowRuntime Behavior [ RunTime:0.000655s ]
INFO: [ view_filter ] --END-- [ RunTime:0.002528s ]
INFO: [ view_end ] --START--
INFO: Run ShowPageTrace Behavior [ RunTime:0.000686s ]
INFO: [ view_end ] --END-- [ RunTime:0.000781s ]

[ 2015-04-05T17:15:15+08:00 ] 127.0.0.1 /bishe/index.php/Index/show
INFO: [ route_check ] --START--
INFO: Run CheckRoute Behavior [ RunTime:0.000912s ]
INFO: [ route_check ] --END-- [ RunTime:0.001044s ]
INFO: [ app_begin ] --START--
INFO: Run ReadHtmlCache Behavior [ RunTime:0.000691s ]
INFO: [ app_begin ] --END-- [ RunTime:0.000799s ]
NOTIC: [2048] Declaration of IndexAction::show() should be compatible with that of Action::show() E:\wamp\www\bishe\Home\Lib\Action\IndexAction.class.php 第 19 行.
NOTIC: [8] Undefined index: name E:\wamp\www\bishe\Home\Lib\Action\IndexAction.class.php 第 10 行.
SQL: SHOW COLUMNS FROM `bs_user` [ RunTime:0.011142s ]
ERR: Table 'bishe.bs_user' doesn't exist
 [ SQL语句 ] : SHOW COLUMNS FROM `bs_user`
SQL: SELECT * FROM `bs_user`  [ RunTime:0.000709s ]
ERR: Table 'bishe.bs_user' doesn't exist
 [ SQL语句 ] : SELECT * FROM `bs_user` 
SQL: SELECT * FROM `bs_user`  [ RunTime:0.000617s ]
ERR: Table 'bishe.bs_user' doesn't exist
 [ SQL语句 ] : SELECT * FROM `bs_user` 
INFO: [ view_template ] --START--
INFO: Run LocationTemplate Behavior [ RunTime:0.001221s ]
INFO: [ view_template ] --END-- [ RunTime:0.001364s ]
INFO: [ view_parse ] --START--
INFO: Run ParseTemplate Behavior [ RunTime:0.011146s ]
INFO: [ view_parse ] --END-- [ RunTime:0.011278s ]
INFO: [ view_filter ] --START--
INFO: Run ContentReplace Behavior [ RunTime:0.000585s ]
INFO: Run TokenBuild Behavior [ RunTime:0.000595s ]
INFO: Run WriteHtmlCache Behavior [ RunTime:0.000439s ]
INFO: Run ShowRuntime Behavior [ RunTime:0.000684s ]
INFO: [ view_filter ] --END-- [ RunTime:0.002586s ]
INFO: [ view_end ] --START--
INFO: Run ShowPageTrace Behavior [ RunTime:0.000760s ]
INFO: [ view_end ] --END-- [ RunTime:0.000865s ]

[ 2015-04-05T17:15:32+08:00 ] 127.0.0.1 /bishe/index.php/Index/show
INFO: [ route_check ] --START--
INFO: Run CheckRoute Behavior [ RunTime:0.001285s ]
INFO: [ route_check ] --END-- [ RunTime:0.001473s ]
INFO: [ app_begin ] --START--
INFO: Run ReadHtmlCache Behavior [ RunTime:0.000995s ]
INFO: [ app_begin ] --END-- [ RunTime:0.001164s ]
NOTIC: [2048] Declaration of IndexAction::show() should be compatible with that of Action::show() E:\wamp\www\bishe\Home\Lib\Action\IndexAction.class.php 第 19 行.
NOTIC: [8] Undefined index: name E:\wamp\www\bishe\Home\Lib\Action\IndexAction.class.php 第 10 行.
SQL: SHOW COLUMNS FROM `bs_user` [ RunTime:0.005393s ]
ERR: Table 'bishe.bs_user' doesn't exist
 [ SQL语句 ] : SHOW COLUMNS FROM `bs_user`
SQL: SELECT * FROM `bs_user`  [ RunTime:0.000681s ]
ERR: Table 'bishe.bs_user' doesn't exist
 [ SQL语句 ] : SELECT * FROM `bs_user` 
SQL: SELECT * FROM `bs_user`  [ RunTime:0.000478s ]
ERR: Table 'bishe.bs_user' doesn't exist
 [ SQL语句 ] : SELECT * FROM `bs_user` 
INFO: [ view_template ] --START--
INFO: Run LocationTemplate Behavior [ RunTime:0.001197s ]
INFO: [ view_template ] --END-- [ RunTime:0.001373s ]
INFO: [ view_parse ] --START--
INFO: Run ParseTemplate Behavior [ RunTime:0.009257s ]
INFO: [ view_parse ] --END-- [ RunTime:0.009471s ]
INFO: [ view_filter ] --START--
INFO: Run ContentReplace Behavior [ RunTime:0.000849s ]
INFO: Run TokenBuild Behavior [ RunTime:0.000629s ]
INFO: Run WriteHtmlCache Behavior [ RunTime:0.000460s ]
INFO: Run ShowRuntime Behavior [ RunTime:0.001066s ]
INFO: [ view_filter ] --END-- [ RunTime:0.003376s ]
INFO: [ view_end ] --START--
INFO: Run ShowPageTrace Behavior [ RunTime:0.001669s ]
INFO: [ view_end ] --END-- [ RunTime:0.001974s ]

[ 2015-04-05T17:15:35+08:00 ] 127.0.0.1 /bishe/index.php/Index/show
INFO: [ route_check ] --START--
INFO: Run CheckRoute Behavior [ RunTime:0.001352s ]
INFO: [ route_check ] --END-- [ RunTime:0.001532s ]
INFO: [ app_begin ] --START--
INFO: Run ReadHtmlCache Behavior [ RunTime:0.001096s ]
INFO: [ app_begin ] --END-- [ RunTime:0.001291s ]
NOTIC: [2048] Declaration of IndexAction::show() should be compatible with that of Action::show() E:\wamp\www\bishe\Home\Lib\Action\IndexAction.class.php 第 19 行.
NOTIC: [8] Undefined index: name E:\wamp\www\bishe\Home\Lib\Action\IndexAction.class.php 第 10 行.
SQL: SHOW COLUMNS FROM `bs_user` [ RunTime:0.007046s ]
ERR: Table 'bishe.bs_user' doesn't exist
 [ SQL语句 ] : SHOW COLUMNS FROM `bs_user`
SQL: SELECT * FROM `bs_user`  [ RunTime:0.000464s ]
ERR: Table 'bishe.bs_user' doesn't exist
 [ SQL语句 ] : SELECT * FROM `bs_user` 
SQL: SELECT * FROM `bs_user`  [ RunTime:0.000387s ]
ERR: Table 'bishe.bs_user' doesn't exist
 [ SQL语句 ] : SELECT * FROM `bs_user` 
INFO: [ view_template ] --START--
INFO: Run LocationTemplate Behavior [ RunTime:0.001286s ]
INFO: [ view_template ] --END-- [ RunTime:0.001416s ]
INFO: [ view_parse ] --START--
INFO: Run ParseTemplate Behavior [ RunTime:0.009233s ]
INFO: [ view_parse ] --END-- [ RunTime:0.009400s ]
INFO: [ view_filter ] --START--
INFO: Run ContentReplace Behavior [ RunTime:0.000968s ]
INFO: Run TokenBuild Behavior [ RunTime:0.001012s ]
INFO: Run WriteHtmlCache Behavior [ RunTime:0.000975s ]
INFO: Run ShowRuntime Behavior [ RunTime:0.001097s ]
INFO: [ view_filter ] --END-- [ RunTime:0.004755s ]
INFO: [ view_end ] --START--
INFO: Run ShowPageTrace Behavior [ RunTime:0.001111s ]
INFO: [ view_end ] --END-- [ RunTime:0.001267s ]

[ 2015-04-05T17:15:42+08:00 ] 127.0.0.1 /bishe/index.php/Index/show
INFO: [ route_check ] --START--
INFO: Run CheckRoute Behavior [ RunTime:0.001455s ]
INFO: [ route_check ] --END-- [ RunTime:0.001632s ]
INFO: [ app_begin ] --START--
INFO: Run ReadHtmlCache Behavior [ RunTime:0.000806s ]
INFO: [ app_begin ] --END-- [ RunTime:0.000936s ]
NOTIC: [2048] Declaration of IndexAction::show() should be compatible with that of Action::show() E:\wamp\www\bishe\Home\Lib\Action\IndexAction.class.php 第 19 行.
NOTIC: [8] Undefined index: name E:\wamp\www\bishe\Home\Lib\Action\IndexAction.class.php 第 10 行.
SQL: SHOW COLUMNS FROM `bs_user` [ RunTime:0.007942s ]
ERR: Table 'bishe.bs_user' doesn't exist
 [ SQL语句 ] : SHOW COLUMNS FROM `bs_user`
SQL: SELECT * FROM `bs_user`  [ RunTime:0.001499s ]
ERR: Table 'bishe.bs_user' doesn't exist
 [ SQL语句 ] : SELECT * FROM `bs_user` 
SQL: SELECT * FROM `bs_user`  [ RunTime:0.001457s ]
ERR: Table 'bishe.bs_user' doesn't exist
 [ SQL语句 ] : SELECT * FROM `bs_user` 
INFO: [ view_template ] --START--
INFO: Run LocationTemplate Behavior [ RunTime:0.001644s ]
INFO: [ view_template ] --END-- [ RunTime:0.001857s ]
INFO: [ view_parse ] --START--
INFO: Run ParseTemplate Behavior [ RunTime:0.014323s ]
INFO: [ view_parse ] --END-- [ RunTime:0.014526s ]
INFO: [ view_filter ] --START--
INFO: Run ContentReplace Behavior [ RunTime:0.001364s ]
INFO: Run TokenBuild Behavior [ RunTime:0.000825s ]
INFO: Run WriteHtmlCache Behavior [ RunTime:0.000625s ]
INFO: Run ShowRuntime Behavior [ RunTime:0.001063s ]
INFO: [ view_filter ] --END-- [ RunTime:0.004367s ]
INFO: [ view_end ] --START--
INFO: Run ShowPageTrace Behavior [ RunTime:0.001129s ]
INFO: [ view_end ] --END-- [ RunTime:0.001277s ]

[ 2015-04-05T17:16:34+08:00 ] 127.0.0.1 /bishe/index.php/Index/show
INFO: [ route_check ] --START--
INFO: Run CheckRoute Behavior [ RunTime:0.001273s ]
INFO: [ route_check ] --END-- [ RunTime:0.001430s ]
INFO: [ app_begin ] --START--
INFO: Run ReadHtmlCache Behavior [ RunTime:0.000885s ]
INFO: [ app_begin ] --END-- [ RunTime:0.000998s ]
NOTIC: [2048] Declaration of IndexAction::show() should be compatible with that of Action::show() E:\wamp\www\bishe\Home\Lib\Action\IndexAction.class.php 第 19 行.
NOTIC: [8] Undefined index: name E:\wamp\www\bishe\Home\Lib\Action\IndexAction.class.php 第 10 行.
SQL: SHOW COLUMNS FROM `bs_user` [ RunTime:0.005993s ]
ERR: Table 'bishe.bs_user' doesn't exist
 [ SQL语句 ] : SHOW COLUMNS FROM `bs_user`
SQL: SELECT * FROM `bs_user`  [ RunTime:0.001018s ]
ERR: Table 'bishe.bs_user' doesn't exist
 [ SQL语句 ] : SELECT * FROM `bs_user` 
SQL: SELECT * FROM `bs_user`  [ RunTime:0.000733s ]
ERR: Table 'bishe.bs_user' doesn't exist
 [ SQL语句 ] : SELECT * FROM `bs_user` 

[ 2015-04-05T17:16:46+08:00 ] 127.0.0.1 /bishe/index.php/Index/show
INFO: [ route_check ] --START--
INFO: Run CheckRoute Behavior [ RunTime:0.001278s ]
INFO: [ route_check ] --END-- [ RunTime:0.001463s ]
INFO: [ app_begin ] --START--
INFO: Run ReadHtmlCache Behavior [ RunTime:0.001641s ]
INFO: [ app_begin ] --END-- [ RunTime:0.001848s ]
NOTIC: [2048] Declaration of IndexAction::show() should be compatible with that of Action::show() E:\wamp\www\bishe\Home\Lib\Action\IndexAction.class.php 第 19 行.
SQL: SHOW COLUMNS FROM `bs_user` [ RunTime:0.005501s ]
ERR: Table 'bishe.bs_user' doesn't exist
 [ SQL语句 ] : SHOW COLUMNS FROM `bs_user`
SQL: SELECT * FROM `bs_user`  [ RunTime:0.000731s ]
ERR: Table 'bishe.bs_user' doesn't exist
 [ SQL语句 ] : SELECT * FROM `bs_user` 
SQL: SELECT * FROM `bs_user`  [ RunTime:0.000444s ]
ERR: Table 'bishe.bs_user' doesn't exist
 [ SQL语句 ] : SELECT * FROM `bs_user` 

[ 2015-04-05T17:16:59+08:00 ] 127.0.0.1 /bishe/index.php/Index/show
INFO: [ route_check ] --START--
INFO: Run CheckRoute Behavior [ RunTime:0.000909s ]
INFO: [ route_check ] --END-- [ RunTime:0.001040s ]
INFO: [ app_begin ] --START--
INFO: Run ReadHtmlCache Behavior [ RunTime:0.000986s ]
INFO: [ app_begin ] --END-- [ RunTime:0.001154s ]
NOTIC: [2048] Declaration of IndexAction::show() should be compatible with that of Action::show() E:\wamp\www\bishe\Home\Lib\Action\IndexAction.class.php 第 19 行.
SQL: SHOW COLUMNS FROM `bs_user` [ RunTime:0.007140s ]
ERR: Table 'bishe.bs_user' doesn't exist
 [ SQL语句 ] : SHOW COLUMNS FROM `bs_user`
SQL: SELECT * FROM `bs_user`  [ RunTime:0.000591s ]
ERR: Table 'bishe.bs_user' doesn't exist
 [ SQL语句 ] : SELECT * FROM `bs_user` 
SQL: SELECT * FROM `bs_user`  [ RunTime:0.000445s ]
ERR: Table 'bishe.bs_user' doesn't exist
 [ SQL语句 ] : SELECT * FROM `bs_user` 

[ 2015-04-05T17:18:43+08:00 ] 127.0.0.1 /bishe/index.php/Index/show
INFO: [ route_check ] --START--
INFO: Run CheckRoute Behavior [ RunTime:0.001645s ]
INFO: [ route_check ] --END-- [ RunTime:0.001840s ]
INFO: [ app_begin ] --START--
INFO: Run ReadHtmlCache Behavior [ RunTime:0.000773s ]
INFO: [ app_begin ] --END-- [ RunTime:0.000890s ]
NOTIC: [2048] Declaration of IndexAction::show() should be compatible with that of Action::show() E:\wamp\www\bishe\Home\Lib\Action\IndexAction.class.php 第 19 行.
SQL: SHOW COLUMNS FROM `bs_user` [ RunTime:0.007057s ]
ERR: Table 'bishe.bs_user' doesn't exist
 [ SQL语句 ] : SHOW COLUMNS FROM `bs_user`
SQL: SELECT * FROM `bs_user`  [ RunTime:0.001213s ]
ERR: Table 'bishe.bs_user' doesn't exist
 [ SQL语句 ] : SELECT * FROM `bs_user` 
SQL: SELECT * FROM `bs_user`  [ RunTime:0.001567s ]
ERR: Table 'bishe.bs_user' doesn't exist
 [ SQL语句 ] : SELECT * FROM `bs_user` 
INFO: [ view_template ] --START--
INFO: Run LocationTemplate Behavior [ RunTime:0.001450s ]
INFO: [ view_template ] --END-- [ RunTime:0.001587s ]
INFO: [ view_parse ] --START--
INFO: Run ParseTemplate Behavior [ RunTime:0.010687s ]
INFO: [ view_parse ] --END-- [ RunTime:0.010985s ]
INFO: [ view_filter ] --START--
INFO: Run ContentReplace Behavior [ RunTime:0.000904s ]
INFO: Run TokenBuild Behavior [ RunTime:0.000983s ]
INFO: Run WriteHtmlCache Behavior [ RunTime:0.000817s ]
INFO: Run ShowRuntime Behavior [ RunTime:0.001093s ]
INFO: [ view_filter ] --END-- [ RunTime:0.004306s ]
INFO: [ view_end ] --START--
INFO: Run ShowPageTrace Behavior [ RunTime:0.000812s ]
INFO: [ view_end ] --END-- [ RunTime:0.000919s ]

[ 2015-04-05T17:18:44+08:00 ] 127.0.0.1 /bishe/index.php/Index/show
INFO: [ route_check ] --START--
INFO: Run CheckRoute Behavior [ RunTime:0.001493s ]
INFO: [ route_check ] --END-- [ RunTime:0.001717s ]
INFO: [ app_begin ] --START--
INFO: Run ReadHtmlCache Behavior [ RunTime:0.002492s ]
INFO: [ app_begin ] --END-- [ RunTime:0.003047s ]
NOTIC: [2048] Declaration of IndexAction::show() should be compatible with that of Action::show() E:\wamp\www\bishe\Home\Lib\Action\IndexAction.class.php 第 19 行.
SQL: SHOW COLUMNS FROM `bs_user` [ RunTime:0.017676s ]
ERR: Table 'bishe.bs_user' doesn't exist
 [ SQL语句 ] : SHOW COLUMNS FROM `bs_user`
SQL: SELECT * FROM `bs_user`  [ RunTime:0.001411s ]
ERR: Table 'bishe.bs_user' doesn't exist
 [ SQL语句 ] : SELECT * FROM `bs_user` 
SQL: SELECT * FROM `bs_user`  [ RunTime:0.000569s ]
ERR: Table 'bishe.bs_user' doesn't exist
 [ SQL语句 ] : SELECT * FROM `bs_user` 
INFO: [ view_template ] --START--
INFO: Run LocationTemplate Behavior [ RunTime:0.002677s ]
INFO: [ view_template ] --END-- [ RunTime:0.002886s ]
INFO: [ view_parse ] --START--
INFO: Run ParseTemplate Behavior [ RunTime:0.015452s ]
INFO: [ view_parse ] --END-- [ RunTime:0.015772s ]
INFO: [ view_filter ] --START--
INFO: Run ContentReplace Behavior [ RunTime:0.001172s ]
INFO: Run TokenBuild Behavior [ RunTime:0.001064s ]
INFO: Run WriteHtmlCache Behavior [ RunTime:0.000724s ]
INFO: Run ShowRuntime Behavior [ RunTime:0.001179s ]
INFO: [ view_filter ] --END-- [ RunTime:0.004686s ]
INFO: [ view_end ] --START--
INFO: Run ShowPageTrace Behavior [ RunTime:0.001390s ]
INFO: [ view_end ] --END-- [ RunTime:0.001578s ]

[ 2015-04-05T17:21:19+08:00 ] 127.0.0.1 /bishe/index.php/Index/show
INFO: [ route_check ] --START--
INFO: Run CheckRoute Behavior [ RunTime:0.000958s ]
INFO: [ route_check ] --END-- [ RunTime:0.001084s ]
INFO: [ app_begin ] --START--
INFO: Run ReadHtmlCache Behavior [ RunTime:0.000644s ]
INFO: [ app_begin ] --END-- [ RunTime:0.000773s ]
NOTIC: [2048] Declaration of IndexAction::show() should be compatible with that of Action::show() E:\wamp\www\bishe\Home\Lib\Action\IndexAction.class.php 第 19 行.
SQL: SHOW COLUMNS FROM `bs_user` [ RunTime:0.012862s ]
ERR: Table 'bishe.bs_user' doesn't exist
 [ SQL语句 ] : SHOW COLUMNS FROM `bs_user`
SQL: SELECT * FROM `bs_user`  [ RunTime:0.001710s ]
ERR: Table 'bishe.bs_user' doesn't exist
 [ SQL语句 ] : SELECT * FROM `bs_user` 
SQL: SELECT * FROM `bs_user`  [ RunTime:0.001184s ]
ERR: Table 'bishe.bs_user' doesn't exist
 [ SQL语句 ] : SELECT * FROM `bs_user` 
INFO: [ view_template ] --START--
INFO: Run LocationTemplate Behavior [ RunTime:0.001671s ]
INFO: [ view_template ] --END-- [ RunTime:0.001845s ]
INFO: [ view_parse ] --START--
INFO: Run ParseTemplate Behavior [ RunTime:0.008847s ]
INFO: [ view_parse ] --END-- [ RunTime:0.009050s ]
INFO: [ view_filter ] --START--
INFO: Run ContentReplace Behavior [ RunTime:0.000657s ]
INFO: Run TokenBuild Behavior [ RunTime:0.000654s ]
INFO: Run WriteHtmlCache Behavior [ RunTime:0.000470s ]
INFO: Run ShowRuntime Behavior [ RunTime:0.000766s ]
INFO: [ view_filter ] --END-- [ RunTime:0.002867s ]
INFO: [ view_end ] --START--
INFO: Run ShowPageTrace Behavior [ RunTime:0.001072s ]
INFO: [ view_end ] --END-- [ RunTime:0.001207s ]

[ 2015-04-05T17:21:20+08:00 ] 127.0.0.1 /bishe/index.php/Index/show
INFO: [ route_check ] --START--
INFO: Run CheckRoute Behavior [ RunTime:0.001460s ]
INFO: [ route_check ] --END-- [ RunTime:0.001686s ]
INFO: [ app_begin ] --START--
INFO: Run ReadHtmlCache Behavior [ RunTime:0.001179s ]
INFO: [ app_begin ] --END-- [ RunTime:0.001399s ]
NOTIC: [2048] Declaration of IndexAction::show() should be compatible with that of Action::show() E:\wamp\www\bishe\Home\Lib\Action\IndexAction.class.php 第 19 行.
SQL: SHOW COLUMNS FROM `bs_user` [ RunTime:0.011720s ]
ERR: Table 'bishe.bs_user' doesn't exist
 [ SQL语句 ] : SHOW COLUMNS FROM `bs_user`
SQL: SELECT * FROM `bs_user`  [ RunTime:0.002102s ]
ERR: Table 'bishe.bs_user' doesn't exist
 [ SQL语句 ] : SELECT * FROM `bs_user` 
SQL: SELECT * FROM `bs_user`  [ RunTime:0.001051s ]
ERR: Table 'bishe.bs_user' doesn't exist
 [ SQL语句 ] : SELECT * FROM `bs_user` 
INFO: [ view_template ] --START--
INFO: Run LocationTemplate Behavior [ RunTime:0.001419s ]
INFO: [ view_template ] --END-- [ RunTime:0.001578s ]
INFO: [ view_parse ] --START--
INFO: Run ParseTemplate Behavior [ RunTime:0.017164s ]
INFO: [ view_parse ] --END-- [ RunTime:0.017340s ]
INFO: [ view_filter ] --START--
INFO: Run ContentReplace Behavior [ RunTime:0.000971s ]
INFO: Run TokenBuild Behavior [ RunTime:0.001179s ]
INFO: Run WriteHtmlCache Behavior [ RunTime:0.002505s ]
INFO: Run ShowRuntime Behavior [ RunTime:0.003118s ]
INFO: [ view_filter ] --END-- [ RunTime:0.008656s ]
INFO: [ view_end ] --START--
INFO: Run ShowPageTrace Behavior [ RunTime:0.002148s ]
INFO: [ view_end ] --END-- [ RunTime:0.002329s ]

[ 2015-04-05T17:21:20+08:00 ] 127.0.0.1 /bishe/index.php/Index/show
INFO: [ route_check ] --START--
INFO: Run CheckRoute Behavior [ RunTime:0.001870s ]
INFO: [ route_check ] --END-- [ RunTime:0.002123s ]
INFO: [ app_begin ] --START--
INFO: Run ReadHtmlCache Behavior [ RunTime:0.001132s ]
INFO: [ app_begin ] --END-- [ RunTime:0.001370s ]
NOTIC: [2048] Declaration of IndexAction::show() should be compatible with that of Action::show() E:\wamp\www\bishe\Home\Lib\Action\IndexAction.class.php 第 19 行.
SQL: SHOW COLUMNS FROM `bs_user` [ RunTime:0.012833s ]
ERR: Table 'bishe.bs_user' doesn't exist
 [ SQL语句 ] : SHOW COLUMNS FROM `bs_user`
SQL: SELECT * FROM `bs_user`  [ RunTime:0.002226s ]
ERR: Table 'bishe.bs_user' doesn't exist
 [ SQL语句 ] : SELECT * FROM `bs_user` 
SQL: SELECT * FROM `bs_user`  [ RunTime:0.003096s ]
ERR: Table 'bishe.bs_user' doesn't exist
 [ SQL语句 ] : SELECT * FROM `bs_user` 
INFO: [ view_template ] --START--
INFO: Run LocationTemplate Behavior [ RunTime:0.001189s ]
INFO: [ view_template ] --END-- [ RunTime:0.001306s ]
INFO: [ view_parse ] --START--
INFO: Run ParseTemplate Behavior [ RunTime:0.010562s ]
INFO: [ view_parse ] --END-- [ RunTime:0.010691s ]
INFO: [ view_filter ] --START--
INFO: Run ContentReplace Behavior [ RunTime:0.000584s ]
INFO: Run TokenBuild Behavior [ RunTime:0.000559s ]
INFO: Run WriteHtmlCache Behavior [ RunTime:0.000439s ]
INFO: Run ShowRuntime Behavior [ RunTime:0.000704s ]
INFO: [ view_filter ] --END-- [ RunTime:0.002554s ]
INFO: [ view_end ] --START--
INFO: Run ShowPageTrace Behavior [ RunTime:0.000737s ]
INFO: [ view_end ] --END-- [ RunTime:0.000830s ]

[ 2015-04-05T17:21:20+08:00 ] 127.0.0.1 /bishe/index.php/Index/show
INFO: [ route_check ] --START--
INFO: Run CheckRoute Behavior [ RunTime:0.001649s ]
INFO: [ route_check ] --END-- [ RunTime:0.001857s ]
INFO: [ app_begin ] --START--
INFO: Run ReadHtmlCache Behavior [ RunTime:0.001146s ]
INFO: [ app_begin ] --END-- [ RunTime:0.001410s ]
NOTIC: [2048] Declaration of IndexAction::show() should be compatible with that of Action::show() E:\wamp\www\bishe\Home\Lib\Action\IndexAction.class.php 第 19 行.
SQL: SHOW COLUMNS FROM `bs_user` [ RunTime:0.012045s ]
ERR: Table 'bishe.bs_user' doesn't exist
 [ SQL语句 ] : SHOW COLUMNS FROM `bs_user`
SQL: SELECT * FROM `bs_user`  [ RunTime:0.002609s ]
ERR: Table 'bishe.bs_user' doesn't exist
 [ SQL语句 ] : SELECT * FROM `bs_user` 
SQL: SELECT * FROM `bs_user`  [ RunTime:0.003596s ]
ERR: Table 'bishe.bs_user' doesn't exist
 [ SQL语句 ] : SELECT * FROM `bs_user` 
INFO: [ view_template ] --START--
INFO: Run LocationTemplate Behavior [ RunTime:0.001541s ]
INFO: [ view_template ] --END-- [ RunTime:0.001718s ]
INFO: [ view_parse ] --START--
INFO: Run ParseTemplate Behavior [ RunTime:0.022245s ]
INFO: [ view_parse ] --END-- [ RunTime:0.022455s ]
INFO: [ view_filter ] --START--
INFO: Run ContentReplace Behavior [ RunTime:0.001695s ]
INFO: Run TokenBuild Behavior [ RunTime:0.001608s ]
INFO: Run WriteHtmlCache Behavior [ RunTime:0.000948s ]
INFO: Run ShowRuntime Behavior [ RunTime:0.001361s ]
INFO: [ view_filter ] --END-- [ RunTime:0.006485s ]
INFO: [ view_end ] --START--
INFO: Run ShowPageTrace Behavior [ RunTime:0.000927s ]
INFO: [ view_end ] --END-- [ RunTime:0.001147s ]

[ 2015-04-05T17:21:20+08:00 ] 127.0.0.1 /bishe/index.php/Index/show
INFO: [ route_check ] --START--
INFO: Run CheckRoute Behavior [ RunTime:0.001499s ]
INFO: [ route_check ] --END-- [ RunTime:0.001702s ]
INFO: [ app_begin ] --START--
INFO: Run ReadHtmlCache Behavior [ RunTime:0.001268s ]
INFO: [ app_begin ] --END-- [ RunTime:0.001478s ]
NOTIC: [2048] Declaration of IndexAction::show() should be compatible with that of Action::show() E:\wamp\www\bishe\Home\Lib\Action\IndexAction.class.php 第 19 行.
SQL: SHOW COLUMNS FROM `bs_user` [ RunTime:0.007880s ]
ERR: Table 'bishe.bs_user' doesn't exist
 [ SQL语句 ] : SHOW COLUMNS FROM `bs_user`
SQL: SELECT * FROM `bs_user`  [ RunTime:0.001363s ]
ERR: Table 'bishe.bs_user' doesn't exist
 [ SQL语句 ] : SELECT * FROM `bs_user` 
SQL: SELECT * FROM `bs_user`  [ RunTime:0.001061s ]
ERR: Table 'bishe.bs_user' doesn't exist
 [ SQL语句 ] : SELECT * FROM `bs_user` 
INFO: [ view_template ] --START--
INFO: Run LocationTemplate Behavior [ RunTime:0.000981s ]
INFO: [ view_template ] --END-- [ RunTime:0.001086s ]
INFO: [ view_parse ] --START--
INFO: Run ParseTemplate Behavior [ RunTime:0.007243s ]
INFO: [ view_parse ] --END-- [ RunTime:0.007371s ]
INFO: [ view_filter ] --START--
INFO: Run ContentReplace Behavior [ RunTime:0.000545s ]
INFO: Run TokenBuild Behavior [ RunTime:0.000795s ]
INFO: Run WriteHtmlCache Behavior [ RunTime:0.000527s ]
INFO: Run ShowRuntime Behavior [ RunTime:0.000718s ]
INFO: [ view_filter ] --END-- [ RunTime:0.002934s ]
INFO: [ view_end ] --START--
INFO: Run ShowPageTrace Behavior [ RunTime:0.000952s ]
INFO: [ view_end ] --END-- [ RunTime:0.001087s ]

[ 2015-04-05T17:21:56+08:00 ] 127.0.0.1 /bishe/index.php/Index/show
INFO: [ route_check ] --START--
INFO: Run CheckRoute Behavior [ RunTime:0.001719s ]
INFO: [ route_check ] --END-- [ RunTime:0.001954s ]
INFO: [ app_begin ] --START--
INFO: Run ReadHtmlCache Behavior [ RunTime:0.001398s ]
INFO: [ app_begin ] --END-- [ RunTime:0.001569s ]
NOTIC: [2048] Declaration of IndexAction::show() should be compatible with that of Action::show() E:\wamp\www\bishe\Home\Lib\Action\IndexAction.class.php 第 19 行.
SQL: SHOW COLUMNS FROM `bs_user` [ RunTime:0.005624s ]
ERR: Table 'bishe.bs_user' doesn't exist
 [ SQL语句 ] : SHOW COLUMNS FROM `bs_user`
SQL: SELECT * FROM `bs_user`  [ RunTime:0.000953s ]
ERR: Table 'bishe.bs_user' doesn't exist
 [ SQL语句 ] : SELECT * FROM `bs_user` 
SQL: SELECT * FROM `bs_user`  [ RunTime:0.000625s ]
ERR: Table 'bishe.bs_user' doesn't exist
 [ SQL语句 ] : SELECT * FROM `bs_user` 
INFO: [ view_template ] --START--
INFO: Run LocationTemplate Behavior [ RunTime:0.001599s ]
INFO: [ view_template ] --END-- [ RunTime:0.001766s ]
INFO: [ view_parse ] --START--
INFO: Run ParseTemplate Behavior [ RunTime:0.012527s ]
INFO: [ view_parse ] --END-- [ RunTime:0.012815s ]
INFO: [ view_filter ] --START--
INFO: Run ContentReplace Behavior [ RunTime:0.002128s ]
INFO: Run TokenBuild Behavior [ RunTime:0.001451s ]
INFO: Run WriteHtmlCache Behavior [ RunTime:0.001098s ]
INFO: Run ShowRuntime Behavior [ RunTime:0.001491s ]
INFO: [ view_filter ] --END-- [ RunTime:0.006747s ]
INFO: [ view_end ] --START--
INFO: Run ShowPageTrace Behavior [ RunTime:0.004188s ]
INFO: [ view_end ] --END-- [ RunTime:0.004353s ]

[ 2015-04-05T19:39:42+08:00 ] 127.0.0.1 /bishe/index.php/Index/show
INFO: [ route_check ] --START--
INFO: Run CheckRoute Behavior [ RunTime:0.001050s ]
INFO: [ route_check ] --END-- [ RunTime:0.001193s ]
INFO: [ app_begin ] --START--
INFO: Run ReadHtmlCache Behavior [ RunTime:0.000715s ]
INFO: [ app_begin ] --END-- [ RunTime:0.000815s ]
NOTIC: [2048] Declaration of IndexAction::show() should be compatible with that of Action::show() E:\wamp\www\bishe\Home\Lib\Action\IndexAction.class.php 第 19 行.
SQL: SHOW COLUMNS FROM `bs_user` [ RunTime:0.132431s ]
ERR: Table 'bishe.bs_user' doesn't exist
 [ SQL语句 ] : SHOW COLUMNS FROM `bs_user`
SQL: SELECT * FROM `bs_user`  [ RunTime:0.000637s ]
ERR: Table 'bishe.bs_user' doesn't exist
 [ SQL语句 ] : SELECT * FROM `bs_user` 
SQL: SELECT * FROM `bs_user`  [ RunTime:0.000619s ]
ERR: Table 'bishe.bs_user' doesn't exist
 [ SQL语句 ] : SELECT * FROM `bs_user` 
INFO: [ view_template ] --START--
INFO: Run LocationTemplate Behavior [ RunTime:0.001394s ]
INFO: [ view_template ] --END-- [ RunTime:0.001572s ]
INFO: [ view_parse ] --START--
INFO: Run ParseTemplate Behavior [ RunTime:0.012670s ]
INFO: [ view_parse ] --END-- [ RunTime:0.012819s ]
INFO: [ view_filter ] --START--
INFO: Run ContentReplace Behavior [ RunTime:0.000572s ]
INFO: Run TokenBuild Behavior [ RunTime:0.000565s ]
INFO: Run WriteHtmlCache Behavior [ RunTime:0.000431s ]
INFO: Run ShowRuntime Behavior [ RunTime:0.001300s ]
INFO: [ view_filter ] --END-- [ RunTime:0.003390s ]
INFO: [ view_end ] --START--
INFO: Run ShowPageTrace Behavior [ RunTime:0.001274s ]
INFO: [ view_end ] --END-- [ RunTime:0.001469s ]

[ 2015-04-05T19:40:05+08:00 ] 127.0.0.1 /bishe/index.php/Index/show
INFO: [ route_check ] --START--
INFO: Run CheckRoute Behavior [ RunTime:0.000970s ]
INFO: [ route_check ] --END-- [ RunTime:0.001094s ]
INFO: [ app_begin ] --START--
INFO: Run ReadHtmlCache Behavior [ RunTime:0.000744s ]
INFO: [ app_begin ] --END-- [ RunTime:0.000861s ]
NOTIC: [2048] Declaration of IndexAction::show() should be compatible with that of Action::show() E:\wamp\www\bishe\Home\Lib\Action\IndexAction.class.php 第 19 行.
SQL: SHOW COLUMNS FROM `bs_user` [ RunTime:0.009549s ]
ERR: Table 'bishe.bs_user' doesn't exist
 [ SQL语句 ] : SHOW COLUMNS FROM `bs_user`
SQL: SELECT * FROM `bs_user`  [ RunTime:0.000496s ]
ERR: Table 'bishe.bs_user' doesn't exist
 [ SQL语句 ] : SELECT * FROM `bs_user` 
SQL: SELECT * FROM `bs_user`  [ RunTime:0.000393s ]
ERR: Table 'bishe.bs_user' doesn't exist
 [ SQL语句 ] : SELECT * FROM `bs_user` 
INFO: [ view_template ] --START--
INFO: Run LocationTemplate Behavior [ RunTime:0.001015s ]
INFO: [ view_template ] --END-- [ RunTime:0.001169s ]
INFO: [ view_parse ] --START--
INFO: Run ParseTemplate Behavior [ RunTime:0.012290s ]
INFO: [ view_parse ] --END-- [ RunTime:0.012445s ]
INFO: [ view_filter ] --START--
INFO: Run ContentReplace Behavior [ RunTime:0.000579s ]
INFO: Run TokenBuild Behavior [ RunTime:0.000586s ]
INFO: Run WriteHtmlCache Behavior [ RunTime:0.000686s ]
INFO: Run ShowRuntime Behavior [ RunTime:0.001082s ]
INFO: [ view_filter ] --END-- [ RunTime:0.003274s ]
INFO: [ view_end ] --START--
INFO: Run ShowPageTrace Behavior [ RunTime:0.001096s ]
INFO: [ view_end ] --END-- [ RunTime:0.001239s ]

[ 2015-04-05T19:40:13+08:00 ] 127.0.0.1 /bishe/index.php/Index/show
INFO: [ route_check ] --START--
INFO: Run CheckRoute Behavior [ RunTime:0.001549s ]
INFO: [ route_check ] --END-- [ RunTime:0.001857s ]
INFO: [ app_begin ] --START--
INFO: Run ReadHtmlCache Behavior [ RunTime:0.001139s ]
INFO: [ app_begin ] --END-- [ RunTime:0.001358s ]
NOTIC: [2048] Declaration of IndexAction::show() should be compatible with that of Action::show() E:\wamp\www\bishe\Home\Lib\Action\IndexAction.class.php 第 19 行.
SQL: SHOW COLUMNS FROM `bs_user` [ RunTime:0.007900s ]
ERR: Table 'bishe.bs_user' doesn't exist
 [ SQL语句 ] : SHOW COLUMNS FROM `bs_user`
SQL: SELECT * FROM `bs_user`  [ RunTime:0.000636s ]
ERR: Table 'bishe.bs_user' doesn't exist
 [ SQL语句 ] : SELECT * FROM `bs_user` 
SQL: SELECT * FROM `bs_user`  [ RunTime:0.000877s ]
ERR: Table 'bishe.bs_user' doesn't exist
 [ SQL语句 ] : SELECT * FROM `bs_user` 
INFO: [ view_template ] --START--
INFO: Run LocationTemplate Behavior [ RunTime:0.001389s ]
INFO: [ view_template ] --END-- [ RunTime:0.001548s ]
INFO: [ view_parse ] --START--
INFO: Run ParseTemplate Behavior [ RunTime:0.028662s ]
INFO: [ view_parse ] --END-- [ RunTime:0.028955s ]
INFO: [ view_filter ] --START--
INFO: Run ContentReplace Behavior [ RunTime:0.000792s ]
INFO: Run TokenBuild Behavior [ RunTime:0.000718s ]
INFO: Run WriteHtmlCache Behavior [ RunTime:0.000453s ]
INFO: Run ShowRuntime Behavior [ RunTime:0.000727s ]
INFO: [ view_filter ] --END-- [ RunTime:0.003027s ]
INFO: [ view_end ] --START--
INFO: Run ShowPageTrace Behavior [ RunTime:0.001610s ]
INFO: [ view_end ] --END-- [ RunTime:0.001777s ]

[ 2015-04-05T19:40:25+08:00 ] 127.0.0.1 /bishe/index.php/Index/show
INFO: [ route_check ] --START--
INFO: Run CheckRoute Behavior [ RunTime:0.001366s ]
INFO: [ route_check ] --END-- [ RunTime:0.001524s ]
INFO: [ app_begin ] --START--
INFO: Run ReadHtmlCache Behavior [ RunTime:0.000774s ]
INFO: [ app_begin ] --END-- [ RunTime:0.000878s ]
NOTIC: [2048] Declaration of IndexAction::show() should be compatible with that of Action::show() E:\wamp\www\bishe\Home\Lib\Action\IndexAction.class.php 第 19 行.
NOTIC: [8] Use of undefined constant user - assumed 'user' E:\wamp\www\bishe\Home\Lib\Action\IndexAction.class.php 第 11 行.
SQL: SHOW COLUMNS FROM `bs_user` [ RunTime:0.007036s ]
ERR: Table 'bishe.bs_user' doesn't exist
 [ SQL语句 ] : SHOW COLUMNS FROM `bs_user`
SQL: SELECT * FROM `bs_user`  [ RunTime:0.000632s ]
ERR: Table 'bishe.bs_user' doesn't exist
 [ SQL语句 ] : SELECT * FROM `bs_user` 
SQL: SELECT * FROM `bs_user`  [ RunTime:0.000728s ]
ERR: Table 'bishe.bs_user' doesn't exist
 [ SQL语句 ] : SELECT * FROM `bs_user` 
INFO: [ view_template ] --START--
INFO: Run LocationTemplate Behavior [ RunTime:0.001364s ]
INFO: [ view_template ] --END-- [ RunTime:0.001488s ]
INFO: [ view_parse ] --START--
INFO: Run ParseTemplate Behavior [ RunTime:0.013923s ]
INFO: [ view_parse ] --END-- [ RunTime:0.014100s ]
INFO: [ view_filter ] --START--
INFO: Run ContentReplace Behavior [ RunTime:0.001250s ]
INFO: Run TokenBuild Behavior [ RunTime:0.001342s ]
INFO: Run WriteHtmlCache Behavior [ RunTime:0.000799s ]
INFO: Run ShowRuntime Behavior [ RunTime:0.000917s ]
INFO: [ view_filter ] --END-- [ RunTime:0.004810s ]
INFO: [ view_end ] --START--
INFO: Run ShowPageTrace Behavior [ RunTime:0.001057s ]
INFO: [ view_end ] --END-- [ RunTime:0.001186s ]

[ 2015-04-05T19:40:27+08:00 ] 127.0.0.1 /bishe/index.php/Index/show
INFO: [ route_check ] --START--
INFO: Run CheckRoute Behavior [ RunTime:0.000870s ]
INFO: [ route_check ] --END-- [ RunTime:0.000986s ]
INFO: [ app_begin ] --START--
INFO: Run ReadHtmlCache Behavior [ RunTime:0.000677s ]
INFO: [ app_begin ] --END-- [ RunTime:0.000788s ]
NOTIC: [2048] Declaration of IndexAction::show() should be compatible with that of Action::show() E:\wamp\www\bishe\Home\Lib\Action\IndexAction.class.php 第 19 行.
NOTIC: [8] Use of undefined constant user - assumed 'user' E:\wamp\www\bishe\Home\Lib\Action\IndexAction.class.php 第 11 行.
SQL: SHOW COLUMNS FROM `bs_user` [ RunTime:0.007714s ]
ERR: Table 'bishe.bs_user' doesn't exist
 [ SQL语句 ] : SHOW COLUMNS FROM `bs_user`
SQL: SELECT * FROM `bs_user`  [ RunTime:0.000351s ]
ERR: Table 'bishe.bs_user' doesn't exist
 [ SQL语句 ] : SELECT * FROM `bs_user` 
SQL: SELECT * FROM `bs_user`  [ RunTime:0.000410s ]
ERR: Table 'bishe.bs_user' doesn't exist
 [ SQL语句 ] : SELECT * FROM `bs_user` 
INFO: [ view_template ] --START--
INFO: Run LocationTemplate Behavior [ RunTime:0.001016s ]
INFO: [ view_template ] --END-- [ RunTime:0.001117s ]
INFO: [ view_parse ] --START--
INFO: Run ParseTemplate Behavior [ RunTime:0.009428s ]
INFO: [ view_parse ] --END-- [ RunTime:0.009636s ]
INFO: [ view_filter ] --START--
INFO: Run ContentReplace Behavior [ RunTime:0.000923s ]
INFO: Run TokenBuild Behavior [ RunTime:0.001266s ]
INFO: Run WriteHtmlCache Behavior [ RunTime:0.001042s ]
INFO: Run ShowRuntime Behavior [ RunTime:0.000944s ]
INFO: [ view_filter ] --END-- [ RunTime:0.004666s ]
INFO: [ view_end ] --START--
INFO: Run ShowPageTrace Behavior [ RunTime:0.002121s ]
INFO: [ view_end ] --END-- [ RunTime:0.002336s ]

[ 2015-04-05T19:40:28+08:00 ] 127.0.0.1 /bishe/index.php/Index/show
INFO: [ route_check ] --START--
INFO: Run CheckRoute Behavior [ RunTime:0.002236s ]
INFO: [ route_check ] --END-- [ RunTime:0.002632s ]
INFO: [ app_begin ] --START--
INFO: Run ReadHtmlCache Behavior [ RunTime:0.001181s ]
INFO: [ app_begin ] --END-- [ RunTime:0.001367s ]
NOTIC: [2048] Declaration of IndexAction::show() should be compatible with that of Action::show() E:\wamp\www\bishe\Home\Lib\Action\IndexAction.class.php 第 19 行.
NOTIC: [8] Use of undefined constant user - assumed 'user' E:\wamp\www\bishe\Home\Lib\Action\IndexAction.class.php 第 11 行.
SQL: SHOW COLUMNS FROM `bs_user` [ RunTime:0.015964s ]
ERR: Table 'bishe.bs_user' doesn't exist
 [ SQL语句 ] : SHOW COLUMNS FROM `bs_user`
SQL: SELECT * FROM `bs_user`  [ RunTime:0.001280s ]
ERR: Table 'bishe.bs_user' doesn't exist
 [ SQL语句 ] : SELECT * FROM `bs_user` 
SQL: SELECT * FROM `bs_user`  [ RunTime:0.001422s ]
ERR: Table 'bishe.bs_user' doesn't exist
 [ SQL语句 ] : SELECT * FROM `bs_user` 
INFO: [ view_template ] --START--
INFO: Run LocationTemplate Behavior [ RunTime:0.001784s ]
INFO: [ view_template ] --END-- [ RunTime:0.002015s ]
INFO: [ view_parse ] --START--
INFO: Run ParseTemplate Behavior [ RunTime:0.025184s ]
INFO: [ view_parse ] --END-- [ RunTime:0.025526s ]
INFO: [ view_filter ] --START--
INFO: Run ContentReplace Behavior [ RunTime:0.001709s ]
INFO: Run TokenBuild Behavior [ RunTime:0.000996s ]
INFO: Run WriteHtmlCache Behavior [ RunTime:0.000728s ]
INFO: Run ShowRuntime Behavior [ RunTime:0.001061s ]
INFO: [ view_filter ] --END-- [ RunTime:0.004998s ]
INFO: [ view_end ] --START--
INFO: Run ShowPageTrace Behavior [ RunTime:0.001081s ]
INFO: [ view_end ] --END-- [ RunTime:0.001209s ]

[ 2015-04-05T19:40:28+08:00 ] 127.0.0.1 /bishe/index.php/Index/show
INFO: [ route_check ] --START--
INFO: Run CheckRoute Behavior [ RunTime:0.002709s ]
INFO: [ route_check ] --END-- [ RunTime:0.003043s ]
INFO: [ app_begin ] --START--
INFO: Run ReadHtmlCache Behavior [ RunTime:0.003699s ]
INFO: [ app_begin ] --END-- [ RunTime:0.004101s ]
NOTIC: [2048] Declaration of IndexAction::show() should be compatible with that of Action::show() E:\wamp\www\bishe\Home\Lib\Action\IndexAction.class.php 第 19 行.
NOTIC: [8] Use of undefined constant user - assumed 'user' E:\wamp\www\bishe\Home\Lib\Action\IndexAction.class.php 第 11 行.
SQL: SHOW COLUMNS FROM `bs_user` [ RunTime:0.007917s ]
ERR: Table 'bishe.bs_user' doesn't exist
 [ SQL语句 ] : SHOW COLUMNS FROM `bs_user`
SQL: SELECT * FROM `bs_user`  [ RunTime:0.001212s ]
ERR: Table 'bishe.bs_user' doesn't exist
 [ SQL语句 ] : SELECT * FROM `bs_user` 
SQL: SELECT * FROM `bs_user`  [ RunTime:0.000949s ]
ERR: Table 'bishe.bs_user' doesn't exist
 [ SQL语句 ] : SELECT * FROM `bs_user` 
INFO: [ view_template ] --START--
INFO: Run LocationTemplate Behavior [ RunTime:0.002136s ]
INFO: [ view_template ] --END-- [ RunTime:0.002330s ]
INFO: [ view_parse ] --START--
INFO: Run ParseTemplate Behavior [ RunTime:0.015993s ]
INFO: [ view_parse ] --END-- [ RunTime:0.016152s ]
INFO: [ view_filter ] --START--
INFO: Run ContentReplace Behavior [ RunTime:0.000798s ]
INFO: Run TokenBuild Behavior [ RunTime:0.000826s ]
INFO: Run WriteHtmlCache Behavior [ RunTime:0.000630s ]
INFO: Run ShowRuntime Behavior [ RunTime:0.000802s ]
INFO: [ view_filter ] --END-- [ RunTime:0.003350s ]
INFO: [ view_end ] --START--
INFO: Run ShowPageTrace Behavior [ RunTime:0.000906s ]
INFO: [ view_end ] --END-- [ RunTime:0.001082s ]

[ 2015-04-05T19:40:40+08:00 ] 127.0.0.1 /bishe/index.php/Index/show
INFO: [ route_check ] --START--
INFO: Run CheckRoute Behavior [ RunTime:0.001006s ]
INFO: [ route_check ] --END-- [ RunTime:0.001125s ]
INFO: [ app_begin ] --START--
INFO: Run ReadHtmlCache Behavior [ RunTime:0.001824s ]
INFO: [ app_begin ] --END-- [ RunTime:0.001938s ]
NOTIC: [2048] Declaration of IndexAction::show() should be compatible with that of Action::show() E:\wamp\www\bishe\Home\Lib\Action\IndexAction.class.php 第 19 行.
SQL: SHOW COLUMNS FROM `bs_user` [ RunTime:0.009980s ]
ERR: Table 'bishe.bs_user' doesn't exist
 [ SQL语句 ] : SHOW COLUMNS FROM `bs_user`
SQL: SELECT * FROM `bs_user`  [ RunTime:0.000779s ]
ERR: Table 'bishe.bs_user' doesn't exist
 [ SQL语句 ] : SELECT * FROM `bs_user` 
SQL: SELECT * FROM `bs_user`  [ RunTime:0.000700s ]
ERR: Table 'bishe.bs_user' doesn't exist
 [ SQL语句 ] : SELECT * FROM `bs_user` 
INFO: [ view_template ] --START--
INFO: Run LocationTemplate Behavior [ RunTime:0.001445s ]
INFO: [ view_template ] --END-- [ RunTime:0.001643s ]
INFO: [ view_parse ] --START--
INFO: Run ParseTemplate Behavior [ RunTime:0.009391s ]
INFO: [ view_parse ] --END-- [ RunTime:0.009566s ]
INFO: [ view_filter ] --START--
INFO: Run ContentReplace Behavior [ RunTime:0.000688s ]
INFO: Run TokenBuild Behavior [ RunTime:0.000692s ]
INFO: Run WriteHtmlCache Behavior [ RunTime:0.000555s ]
INFO: Run ShowRuntime Behavior [ RunTime:0.000760s ]
INFO: [ view_filter ] --END-- [ RunTime:0.002944s ]
INFO: [ view_end ] --START--
INFO: Run ShowPageTrace Behavior [ RunTime:0.000838s ]
INFO: [ view_end ] --END-- [ RunTime:0.000930s ]

[ 2015-04-05T19:40:41+08:00 ] 127.0.0.1 /bishe/index.php/Index/show
INFO: [ route_check ] --START--
INFO: Run CheckRoute Behavior [ RunTime:0.002293s ]
INFO: [ route_check ] --END-- [ RunTime:0.002559s ]
INFO: [ app_begin ] --START--
INFO: Run ReadHtmlCache Behavior [ RunTime:0.002788s ]
INFO: [ app_begin ] --END-- [ RunTime:0.003051s ]
NOTIC: [2048] Declaration of IndexAction::show() should be compatible with that of Action::show() E:\wamp\www\bishe\Home\Lib\Action\IndexAction.class.php 第 19 行.
SQL: SHOW COLUMNS FROM `bs_user` [ RunTime:0.029831s ]
ERR: Table 'bishe.bs_user' doesn't exist
 [ SQL语句 ] : SHOW COLUMNS FROM `bs_user`
SQL: SELECT * FROM `bs_user`  [ RunTime:0.001064s ]
ERR: Table 'bishe.bs_user' doesn't exist
 [ SQL语句 ] : SELECT * FROM `bs_user` 
SQL: SELECT * FROM `bs_user`  [ RunTime:0.000937s ]
ERR: Table 'bishe.bs_user' doesn't exist
 [ SQL语句 ] : SELECT * FROM `bs_user` 
INFO: [ view_template ] --START--
INFO: Run LocationTemplate Behavior [ RunTime:0.001136s ]
INFO: [ view_template ] --END-- [ RunTime:0.001273s ]
INFO: [ view_parse ] --START--
INFO: Run ParseTemplate Behavior [ RunTime:0.013535s ]
INFO: [ view_parse ] --END-- [ RunTime:0.013730s ]
INFO: [ view_filter ] --START--
INFO: Run ContentReplace Behavior [ RunTime:0.003997s ]
INFO: Run TokenBuild Behavior [ RunTime:0.002778s ]
INFO: Run WriteHtmlCache Behavior [ RunTime:0.001633s ]
INFO: Run ShowRuntime Behavior [ RunTime:0.001622s ]
INFO: [ view_filter ] --END-- [ RunTime:0.010844s ]
INFO: [ view_end ] --START--
INFO: Run ShowPageTrace Behavior [ RunTime:0.001537s ]
INFO: [ view_end ] --END-- [ RunTime:0.001738s ]

[ 2015-04-05T19:40:41+08:00 ] 127.0.0.1 /bishe/index.php/Index/show
INFO: [ route_check ] --START--
INFO: Run CheckRoute Behavior [ RunTime:0.001757s ]
INFO: [ route_check ] --END-- [ RunTime:0.001961s ]
INFO: [ app_begin ] --START--
INFO: Run ReadHtmlCache Behavior [ RunTime:0.001411s ]
INFO: [ app_begin ] --END-- [ RunTime:0.001598s ]
NOTIC: [2048] Declaration of IndexAction::show() should be compatible with that of Action::show() E:\wamp\www\bishe\Home\Lib\Action\IndexAction.class.php 第 19 行.
SQL: SHOW COLUMNS FROM `bs_user` [ RunTime:0.007401s ]
ERR: Table 'bishe.bs_user' doesn't exist
 [ SQL语句 ] : SHOW COLUMNS FROM `bs_user`
SQL: SELECT * FROM `bs_user`  [ RunTime:0.001907s ]
ERR: Table 'bishe.bs_user' doesn't exist
 [ SQL语句 ] : SELECT * FROM `bs_user` 
SQL: SELECT * FROM `bs_user`  [ RunTime:0.004263s ]
ERR: Table 'bishe.bs_user' doesn't exist
 [ SQL语句 ] : SELECT * FROM `bs_user` 
INFO: [ view_template ] --START--
INFO: Run LocationTemplate Behavior [ RunTime:0.001321s ]
INFO: [ view_template ] --END-- [ RunTime:0.001490s ]
INFO: [ view_parse ] --START--
INFO: Run ParseTemplate Behavior [ RunTime:0.009236s ]
INFO: [ view_parse ] --END-- [ RunTime:0.009422s ]
INFO: [ view_filter ] --START--
INFO: Run ContentReplace Behavior [ RunTime:0.001092s ]
INFO: Run TokenBuild Behavior [ RunTime:0.000826s ]
INFO: Run WriteHtmlCache Behavior [ RunTime:0.000577s ]
INFO: Run ShowRuntime Behavior [ RunTime:0.000778s ]
INFO: [ view_filter ] --END-- [ RunTime:0.003615s ]
INFO: [ view_end ] --START--
INFO: Run ShowPageTrace Behavior [ RunTime:0.000864s ]
INFO: [ view_end ] --END-- [ RunTime:0.000976s ]

[ 2015-04-05T19:40:41+08:00 ] 127.0.0.1 /bishe/index.php/Index/show
INFO: [ route_check ] --START--
INFO: Run CheckRoute Behavior [ RunTime:0.005248s ]
INFO: [ route_check ] --END-- [ RunTime:0.005608s ]
INFO: [ app_begin ] --START--
INFO: Run ReadHtmlCache Behavior [ RunTime:0.001411s ]
INFO: [ app_begin ] --END-- [ RunTime:0.001669s ]
NOTIC: [2048] Declaration of IndexAction::show() should be compatible with that of Action::show() E:\wamp\www\bishe\Home\Lib\Action\IndexAction.class.php 第 19 行.
SQL: SHOW COLUMNS FROM `bs_user` [ RunTime:0.016431s ]
ERR: Table 'bishe.bs_user' doesn't exist
 [ SQL语句 ] : SHOW COLUMNS FROM `bs_user`
SQL: SELECT * FROM `bs_user`  [ RunTime:0.001259s ]
ERR: Table 'bishe.bs_user' doesn't exist
 [ SQL语句 ] : SELECT * FROM `bs_user` 
SQL: SELECT * FROM `bs_user`  [ RunTime:0.000957s ]
ERR: Table 'bishe.bs_user' doesn't exist
 [ SQL语句 ] : SELECT * FROM `bs_user` 
INFO: [ view_template ] --START--
INFO: Run LocationTemplate Behavior [ RunTime:0.001551s ]
INFO: [ view_template ] --END-- [ RunTime:0.001770s ]
INFO: [ view_parse ] --START--
INFO: Run ParseTemplate Behavior [ RunTime:0.021111s ]
INFO: [ view_parse ] --END-- [ RunTime:0.021388s ]
INFO: [ view_filter ] --START--
INFO: Run ContentReplace Behavior [ RunTime:0.001757s ]
INFO: Run TokenBuild Behavior [ RunTime:0.001719s ]
INFO: Run WriteHtmlCache Behavior [ RunTime:0.002207s ]
INFO: Run ShowRuntime Behavior [ RunTime:0.002726s ]
INFO: [ view_filter ] --END-- [ RunTime:0.009463s ]
INFO: [ view_end ] --START--
INFO: Run ShowPageTrace Behavior [ RunTime:0.004003s ]
INFO: [ view_end ] --END-- [ RunTime:0.004390s ]

[ 2015-04-05T19:46:17+08:00 ] 127.0.0.1 /bishe/index.php/Index/show
INFO: [ route_check ] --START--
INFO: Run CheckRoute Behavior [ RunTime:0.001306s ]
INFO: [ route_check ] --END-- [ RunTime:0.001492s ]
INFO: [ app_begin ] --START--
INFO: Run ReadHtmlCache Behavior [ RunTime:0.000897s ]
INFO: [ app_begin ] --END-- [ RunTime:0.001016s ]
NOTIC: [2048] Declaration of IndexAction::show() should be compatible with that of Action::show() E:\wamp\www\bishe\Home\Lib\Action\IndexAction.class.php 第 19 行.
SQL: SHOW COLUMNS FROM `bs_user` [ RunTime:0.007408s ]
ERR: Table 'bishe.bs_user' doesn't exist
 [ SQL语句 ] : SHOW COLUMNS FROM `bs_user`
SQL: SELECT * FROM `bs_user`  [ RunTime:0.000846s ]
ERR: Table 'bishe.bs_user' doesn't exist
 [ SQL语句 ] : SELECT * FROM `bs_user` 
SQL: SELECT * FROM `bs_user`  [ RunTime:0.000549s ]
ERR: Table 'bishe.bs_user' doesn't exist
 [ SQL语句 ] : SELECT * FROM `bs_user` 
INFO: [ view_template ] --START--
INFO: Run LocationTemplate Behavior [ RunTime:0.001387s ]
INFO: [ view_template ] --END-- [ RunTime:0.001536s ]
INFO: [ view_parse ] --START--
INFO: Run ParseTemplate Behavior [ RunTime:0.012752s ]
INFO: [ view_parse ] --END-- [ RunTime:0.013093s ]
INFO: [ view_filter ] --START--
INFO: Run ContentReplace Behavior [ RunTime:0.002814s ]
INFO: Run TokenBuild Behavior [ RunTime:0.001707s ]
INFO: Run WriteHtmlCache Behavior [ RunTime:0.000911s ]
INFO: Run ShowRuntime Behavior [ RunTime:0.001217s ]
INFO: [ view_filter ] --END-- [ RunTime:0.007191s ]
INFO: [ view_end ] --START--
INFO: Run ShowPageTrace Behavior [ RunTime:0.001493s ]
INFO: [ view_end ] --END-- [ RunTime:0.001676s ]

[ 2015-04-05T19:47:26+08:00 ] 127.0.0.1 /bishe/index.php/Index/show
INFO: [ route_check ] --START--
INFO: Run CheckRoute Behavior [ RunTime:0.001532s ]
INFO: [ route_check ] --END-- [ RunTime:0.001751s ]
INFO: [ app_begin ] --START--
INFO: Run ReadHtmlCache Behavior [ RunTime:0.001376s ]
INFO: [ app_begin ] --END-- [ RunTime:0.001553s ]
NOTIC: [2048] Declaration of IndexAction::show() should be compatible with that of Action::show() E:\wamp\www\bishe\Home\Lib\Action\IndexAction.class.php 第 19 行.
SQL: SHOW COLUMNS FROM `bs_user` [ RunTime:0.019369s ]
ERR: Table 'bishe.bs_user' doesn't exist
 [ SQL语句 ] : SHOW COLUMNS FROM `bs_user`
SQL: SELECT * FROM `bs_user`  [ RunTime:0.001409s ]
ERR: Table 'bishe.bs_user' doesn't exist
 [ SQL语句 ] : SELECT * FROM `bs_user` 
SQL: SELECT * FROM `bs_user`  [ RunTime:0.001195s ]
ERR: Table 'bishe.bs_user' doesn't exist
 [ SQL语句 ] : SELECT * FROM `bs_user` 
INFO: [ view_template ] --START--
INFO: Run LocationTemplate Behavior [ RunTime:0.001272s ]
INFO: [ view_template ] --END-- [ RunTime:0.001399s ]
INFO: [ view_parse ] --START--
INFO: Run ParseTemplate Behavior [ RunTime:0.011007s ]
INFO: [ view_parse ] --END-- [ RunTime:0.011170s ]
INFO: [ view_filter ] --START--
INFO: Run ContentReplace Behavior [ RunTime:0.000716s ]
INFO: Run TokenBuild Behavior [ RunTime:0.000735s ]
INFO: Run WriteHtmlCache Behavior [ RunTime:0.000565s ]
INFO: Run ShowRuntime Behavior [ RunTime:0.000800s ]
INFO: [ view_filter ] --END-- [ RunTime:0.003137s ]
INFO: [ view_end ] --START--
INFO: Run ShowPageTrace Behavior [ RunTime:0.000857s ]
INFO: [ view_end ] --END-- [ RunTime:0.000962s ]

[ 2015-04-05T19:47:27+08:00 ] 127.0.0.1 /bishe/index.php/Index/show
INFO: [ route_check ] --START--
INFO: Run CheckRoute Behavior [ RunTime:0.002724s ]
INFO: [ route_check ] --END-- [ RunTime:0.003016s ]
INFO: [ app_begin ] --START--
INFO: Run ReadHtmlCache Behavior [ RunTime:0.001337s ]
INFO: [ app_begin ] --END-- [ RunTime:0.001554s ]
NOTIC: [2048] Declaration of IndexAction::show() should be compatible with that of Action::show() E:\wamp\www\bishe\Home\Lib\Action\IndexAction.class.php 第 19 行.
SQL: SHOW COLUMNS FROM `bs_user` [ RunTime:0.008159s ]
ERR: Table 'bishe.bs_user' doesn't exist
 [ SQL语句 ] : SHOW COLUMNS FROM `bs_user`
SQL: SELECT * FROM `bs_user`  [ RunTime:0.000439s ]
ERR: Table 'bishe.bs_user' doesn't exist
 [ SQL语句 ] : SELECT * FROM `bs_user` 
SQL: SELECT * FROM `bs_user`  [ RunTime:0.000481s ]
ERR: Table 'bishe.bs_user' doesn't exist
 [ SQL语句 ] : SELECT * FROM `bs_user` 
INFO: [ view_template ] --START--
INFO: Run LocationTemplate Behavior [ RunTime:0.001455s ]
INFO: [ view_template ] --END-- [ RunTime:0.001635s ]
INFO: [ view_parse ] --START--
INFO: Run ParseTemplate Behavior [ RunTime:0.013107s ]
INFO: [ view_parse ] --END-- [ RunTime:0.013452s ]
INFO: [ view_filter ] --START--
INFO: Run ContentReplace Behavior [ RunTime:0.001797s ]
INFO: Run TokenBuild Behavior [ RunTime:0.001623s ]
INFO: Run WriteHtmlCache Behavior [ RunTime:0.000686s ]
INFO: Run ShowRuntime Behavior [ RunTime:0.000858s ]
INFO: [ view_filter ] --END-- [ RunTime:0.005573s ]
INFO: [ view_end ] --START--
INFO: Run ShowPageTrace Behavior [ RunTime:0.000856s ]
INFO: [ view_end ] --END-- [ RunTime:0.000962s ]

[ 2015-04-05T19:47:27+08:00 ] 127.0.0.1 /bishe/index.php/Index/show
INFO: [ route_check ] --START--
INFO: Run CheckRoute Behavior [ RunTime:0.001905s ]
INFO: [ route_check ] --END-- [ RunTime:0.002109s ]
INFO: [ app_begin ] --START--
INFO: Run ReadHtmlCache Behavior [ RunTime:0.001625s ]
INFO: [ app_begin ] --END-- [ RunTime:0.001818s ]
NOTIC: [2048] Declaration of IndexAction::show() should be compatible with that of Action::show() E:\wamp\www\bishe\Home\Lib\Action\IndexAction.class.php 第 19 行.
SQL: SHOW COLUMNS FROM `bs_user` [ RunTime:0.009590s ]
ERR: Table 'bishe.bs_user' doesn't exist
 [ SQL语句 ] : SHOW COLUMNS FROM `bs_user`
SQL: SELECT * FROM `bs_user`  [ RunTime:0.001099s ]
ERR: Table 'bishe.bs_user' doesn't exist
 [ SQL语句 ] : SELECT * FROM `bs_user` 
SQL: SELECT * FROM `bs_user`  [ RunTime:0.000894s ]
ERR: Table 'bishe.bs_user' doesn't exist
 [ SQL语句 ] : SELECT * FROM `bs_user` 
INFO: [ view_template ] --START--
INFO: Run LocationTemplate Behavior [ RunTime:0.001270s ]
INFO: [ view_template ] --END-- [ RunTime:0.001393s ]
INFO: [ view_parse ] --START--
INFO: Run ParseTemplate Behavior [ RunTime:0.013829s ]
INFO: [ view_parse ] --END-- [ RunTime:0.013983s ]
INFO: [ view_filter ] --START--
INFO: Run ContentReplace Behavior [ RunTime:0.001202s ]
INFO: Run TokenBuild Behavior [ RunTime:0.001211s ]
INFO: Run WriteHtmlCache Behavior [ RunTime:0.001513s ]
INFO: Run ShowRuntime Behavior [ RunTime:0.002049s ]
INFO: [ view_filter ] --END-- [ RunTime:0.006520s ]
INFO: [ view_end ] --START--
INFO: Run ShowPageTrace Behavior [ RunTime:0.001765s ]
INFO: [ view_end ] --END-- [ RunTime:0.001909s ]

[ 2015-04-05T19:53:11+08:00 ] 127.0.0.1 /bishe/index.php/Index/show
INFO: [ route_check ] --START--
INFO: Run CheckRoute Behavior [ RunTime:0.002112s ]
INFO: [ route_check ] --END-- [ RunTime:0.002347s ]
INFO: [ app_begin ] --START--
INFO: Run ReadHtmlCache Behavior [ RunTime:0.002576s ]
INFO: [ app_begin ] --END-- [ RunTime:0.002921s ]
NOTIC: [2048] Declaration of IndexAction::show() should be compatible with that of Action::show() E:\wamp\www\bishe\Home\Lib\Action\IndexAction.class.php 第 19 行.
SQL: SHOW COLUMNS FROM `bs_user` [ RunTime:0.013992s ]
SQL: SELECT * FROM `bs_user`  [ RunTime:0.001687s ]
SQL: SELECT * FROM `bs_user`  [ RunTime:0.002542s ]
INFO: [ view_template ] --START--
INFO: Run LocationTemplate Behavior [ RunTime:0.002227s ]
INFO: [ view_template ] --END-- [ RunTime:0.002441s ]
INFO: [ view_parse ] --START--
INFO: Run ParseTemplate Behavior [ RunTime:0.014433s ]
INFO: [ view_parse ] --END-- [ RunTime:0.014658s ]
INFO: [ view_filter ] --START--
INFO: Run ContentReplace Behavior [ RunTime:0.000936s ]
INFO: Run TokenBuild Behavior [ RunTime:0.000903s ]
INFO: Run WriteHtmlCache Behavior [ RunTime:0.000703s ]
INFO: Run ShowRuntime Behavior [ RunTime:0.000927s ]
INFO: [ view_filter ] --END-- [ RunTime:0.003809s ]
INFO: [ view_end ] --START--
INFO: Run ShowPageTrace Behavior [ RunTime:0.000967s ]
INFO: [ view_end ] --END-- [ RunTime:0.001082s ]

[ 2015-04-05T20:13:53+08:00 ] 127.0.0.1 /bishe/index.php/Index/show
INFO: [ route_check ] --START--
INFO: Run CheckRoute Behavior [ RunTime:0.001101s ]
INFO: [ route_check ] --END-- [ RunTime:0.001259s ]
INFO: [ app_begin ] --START--
INFO: Run ReadHtmlCache Behavior [ RunTime:0.000904s ]
INFO: [ app_begin ] --END-- [ RunTime:0.001050s ]
NOTIC: [2048] Declaration of IndexAction::show() should be compatible with that of Action::show() E:\wamp\www\bishe\Home\Lib\Action\IndexAction.class.php 第 19 行.
SQL: SHOW COLUMNS FROM `bs_user` [ RunTime:0.008853s ]
SQL: SELECT * FROM `bs_user`  [ RunTime:0.000670s ]
SQL: SELECT * FROM `bs_user`  [ RunTime:0.000284s ]
INFO: [ view_template ] --START--
INFO: Run LocationTemplate Behavior [ RunTime:0.001224s ]
INFO: [ view_template ] --END-- [ RunTime:0.001329s ]
INFO: [ view_parse ] --START--
NOTIC: [8] Undefined variable: data E:\wamp\www\bishe\Home\Runtime\Cache\8900f6c60654ed91e9ce9789196cfe05.php 第 8 行.
INFO: Run ParseTemplate Behavior [ RunTime:0.157877s ]
INFO: [ view_parse ] --END-- [ RunTime:0.157980s ]
INFO: [ view_filter ] --START--
INFO: Run ContentReplace Behavior [ RunTime:0.000672s ]
INFO: Run TokenBuild Behavior [ RunTime:0.000916s ]
INFO: Run WriteHtmlCache Behavior [ RunTime:0.001341s ]
INFO: Run ShowRuntime Behavior [ RunTime:0.000944s ]
INFO: [ view_filter ] --END-- [ RunTime:0.004173s ]
INFO: [ view_end ] --START--
INFO: Run ShowPageTrace Behavior [ RunTime:0.001089s ]
INFO: [ view_end ] --END-- [ RunTime:0.001326s ]

[ 2015-04-05T20:13:57+08:00 ] 127.0.0.1 /bishe/index.php/Index/show
INFO: [ route_check ] --START--
INFO: Run CheckRoute Behavior [ RunTime:0.001378s ]
INFO: [ route_check ] --END-- [ RunTime:0.001558s ]
INFO: [ app_begin ] --START--
INFO: Run ReadHtmlCache Behavior [ RunTime:0.001126s ]
INFO: [ app_begin ] --END-- [ RunTime:0.001276s ]
NOTIC: [2048] Declaration of IndexAction::show() should be compatible with that of Action::show() E:\wamp\www\bishe\Home\Lib\Action\IndexAction.class.php 第 19 行.
SQL: SHOW COLUMNS FROM `bs_user` [ RunTime:0.006829s ]
SQL: SELECT * FROM `bs_user`  [ RunTime:0.000366s ]
SQL: SELECT * FROM `bs_user`  [ RunTime:0.000368s ]
INFO: [ view_template ] --START--
INFO: Run LocationTemplate Behavior [ RunTime:0.001137s ]
INFO: [ view_template ] --END-- [ RunTime:0.001237s ]
INFO: [ view_parse ] --START--
NOTIC: [8] Undefined variable: data E:\wamp\www\bishe\Home\Runtime\Cache\8900f6c60654ed91e9ce9789196cfe05.php 第 8 行.
INFO: Run ParseTemplate Behavior [ RunTime:0.009862s ]
INFO: [ view_parse ] --END-- [ RunTime:0.010004s ]
INFO: [ view_filter ] --START--
INFO: Run ContentReplace Behavior [ RunTime:0.001131s ]
INFO: Run TokenBuild Behavior [ RunTime:0.001374s ]
INFO: Run WriteHtmlCache Behavior [ RunTime:0.001235s ]
INFO: Run ShowRuntime Behavior [ RunTime:0.001277s ]
INFO: [ view_filter ] --END-- [ RunTime:0.005542s ]
INFO: [ view_end ] --START--
INFO: Run ShowPageTrace Behavior [ RunTime:0.001325s ]
INFO: [ view_end ] --END-- [ RunTime:0.001435s ]

[ 2015-04-05T20:14:01+08:00 ] 127.0.0.1 /bishe/index.php/Index/show
INFO: [ route_check ] --START--
INFO: Run CheckRoute Behavior [ RunTime:0.001294s ]
INFO: [ route_check ] --END-- [ RunTime:0.001494s ]
INFO: [ app_begin ] --START--
INFO: Run ReadHtmlCache Behavior [ RunTime:0.001181s ]
INFO: [ app_begin ] --END-- [ RunTime:0.001299s ]
NOTIC: [2048] Declaration of IndexAction::show() should be compatible with that of Action::show() E:\wamp\www\bishe\Home\Lib\Action\IndexAction.class.php 第 19 行.
SQL: SHOW COLUMNS FROM `bs_user` [ RunTime:0.007340s ]
SQL: SELECT * FROM `bs_user`  [ RunTime:0.001133s ]
SQL: SELECT * FROM `bs_user`  [ RunTime:0.000787s ]
INFO: [ view_template ] --START--
INFO: Run LocationTemplate Behavior [ RunTime:0.001382s ]
INFO: [ view_template ] --END-- [ RunTime:0.001526s ]
INFO: [ view_parse ] --START--
NOTIC: [8] Undefined variable: data E:\wamp\www\bishe\Home\Runtime\Cache\8900f6c60654ed91e9ce9789196cfe05.php 第 8 行.
INFO: Run ParseTemplate Behavior [ RunTime:0.013677s ]
INFO: [ view_parse ] --END-- [ RunTime:0.013794s ]
INFO: [ view_filter ] --START--
INFO: Run ContentReplace Behavior [ RunTime:0.000724s ]
INFO: Run TokenBuild Behavior [ RunTime:0.000723s ]
INFO: Run WriteHtmlCache Behavior [ RunTime:0.000523s ]
INFO: Run ShowRuntime Behavior [ RunTime:0.000705s ]
INFO: [ view_filter ] --END-- [ RunTime:0.002950s ]
INFO: [ view_end ] --START--
INFO: Run ShowPageTrace Behavior [ RunTime:0.000880s ]
INFO: [ view_end ] --END-- [ RunTime:0.000978s ]

[ 2015-04-05T20:15:24+08:00 ] 127.0.0.1 /bishe/index.php/Index/show
INFO: [ route_check ] --START--
INFO: Run CheckRoute Behavior [ RunTime:0.001215s ]
INFO: [ route_check ] --END-- [ RunTime:0.001401s ]
INFO: [ app_begin ] --START--
INFO: Run ReadHtmlCache Behavior [ RunTime:0.001175s ]
INFO: [ app_begin ] --END-- [ RunTime:0.001301s ]
NOTIC: [2048] Declaration of IndexAction::show() should be compatible with that of Action::show() E:\wamp\www\bishe\Home\Lib\Action\IndexAction.class.php 第 19 行.
SQL: SHOW COLUMNS FROM `bs_user` [ RunTime:0.009200s ]
SQL: SELECT * FROM `bs_user`  [ RunTime:0.002443s ]
SQL: SELECT * FROM `bs_user`  [ RunTime:0.002325s ]
NOTIC: [8] Undefined variable: name E:\wamp\www\bishe\Home\Lib\Action\IndexAction.class.php 第 16 行.
INFO: [ view_template ] --START--
INFO: Run LocationTemplate Behavior [ RunTime:0.001467s ]
INFO: [ view_template ] --END-- [ RunTime:0.001606s ]
INFO: [ view_parse ] --START--
INFO: Run ParseTemplate Behavior [ RunTime:0.013113s ]
INFO: [ view_parse ] --END-- [ RunTime:0.013237s ]
INFO: [ view_filter ] --START--
INFO: Run ContentReplace Behavior [ RunTime:0.000718s ]
INFO: Run TokenBuild Behavior [ RunTime:0.000698s ]
INFO: Run WriteHtmlCache Behavior [ RunTime:0.000635s ]
INFO: Run ShowRuntime Behavior [ RunTime:0.000770s ]
INFO: [ view_filter ] --END-- [ RunTime:0.003080s ]
INFO: [ view_end ] --START--
INFO: Run ShowPageTrace Behavior [ RunTime:0.000898s ]
INFO: [ view_end ] --END-- [ RunTime:0.000992s ]

[ 2015-04-05T20:15:27+08:00 ] 127.0.0.1 /bishe/index.php/Index/show
INFO: [ route_check ] --START--
INFO: Run CheckRoute Behavior [ RunTime:0.001716s ]
INFO: [ route_check ] --END-- [ RunTime:0.001897s ]
INFO: [ app_begin ] --START--
INFO: Run ReadHtmlCache Behavior [ RunTime:0.001212s ]
INFO: [ app_begin ] --END-- [ RunTime:0.001367s ]
NOTIC: [2048] Declaration of IndexAction::show() should be compatible with that of Action::show() E:\wamp\www\bishe\Home\Lib\Action\IndexAction.class.php 第 19 行.
SQL: SHOW COLUMNS FROM `bs_user` [ RunTime:0.006057s ]
SQL: SELECT * FROM `bs_user`  [ RunTime:0.000371s ]
SQL: SELECT * FROM `bs_user`  [ RunTime:0.000351s ]
NOTIC: [8] Undefined variable: name E:\wamp\www\bishe\Home\Lib\Action\IndexAction.class.php 第 16 行.
INFO: [ view_template ] --START--
INFO: Run LocationTemplate Behavior [ RunTime:0.001363s ]
INFO: [ view_template ] --END-- [ RunTime:0.001529s ]
INFO: [ view_parse ] --START--
INFO: Run ParseTemplate Behavior [ RunTime:0.013176s ]
INFO: [ view_parse ] --END-- [ RunTime:0.013437s ]
INFO: [ view_filter ] --START--
INFO: Run ContentReplace Behavior [ RunTime:0.001094s ]
INFO: Run TokenBuild Behavior [ RunTime:0.000719s ]
INFO: Run WriteHtmlCache Behavior [ RunTime:0.000579s ]
INFO: Run ShowRuntime Behavior [ RunTime:0.000796s ]
INFO: [ view_filter ] --END-- [ RunTime:0.003565s ]
INFO: [ view_end ] --START--
INFO: Run ShowPageTrace Behavior [ RunTime:0.002498s ]
INFO: [ view_end ] --END-- [ RunTime:0.002713s ]

[ 2015-04-05T20:15:27+08:00 ] 127.0.0.1 /bishe/index.php/Index/show
INFO: [ route_check ] --START--
INFO: Run CheckRoute Behavior [ RunTime:0.001294s ]
INFO: [ route_check ] --END-- [ RunTime:0.001418s ]
INFO: [ app_begin ] --START--
INFO: Run ReadHtmlCache Behavior [ RunTime:0.001208s ]
INFO: [ app_begin ] --END-- [ RunTime:0.001325s ]
NOTIC: [2048] Declaration of IndexAction::show() should be compatible with that of Action::show() E:\wamp\www\bishe\Home\Lib\Action\IndexAction.class.php 第 19 行.
SQL: SHOW COLUMNS FROM `bs_user` [ RunTime:0.007185s ]
SQL: SELECT * FROM `bs_user`  [ RunTime:0.000790s ]
SQL: SELECT * FROM `bs_user`  [ RunTime:0.000763s ]
NOTIC: [8] Undefined variable: name E:\wamp\www\bishe\Home\Lib\Action\IndexAction.class.php 第 16 行.
INFO: [ view_template ] --START--
INFO: Run LocationTemplate Behavior [ RunTime:0.001776s ]
INFO: [ view_template ] --END-- [ RunTime:0.001955s ]
INFO: [ view_parse ] --START--
INFO: Run ParseTemplate Behavior [ RunTime:0.016144s ]
INFO: [ view_parse ] --END-- [ RunTime:0.016324s ]
INFO: [ view_filter ] --START--
INFO: Run ContentReplace Behavior [ RunTime:0.000809s ]
INFO: Run TokenBuild Behavior [ RunTime:0.000700s ]
INFO: Run WriteHtmlCache Behavior [ RunTime:0.000674s ]
INFO: Run ShowRuntime Behavior [ RunTime:0.000762s ]
INFO: [ view_filter ] --END-- [ RunTime:0.003224s ]
INFO: [ view_end ] --START--
INFO: Run ShowPageTrace Behavior [ RunTime:0.000835s ]
INFO: [ view_end ] --END-- [ RunTime:0.000926s ]

[ 2015-04-05T20:16:03+08:00 ] 127.0.0.1 /bishe/index.php/Index/show
INFO: [ route_check ] --START--
INFO: Run CheckRoute Behavior [ RunTime:0.001335s ]
INFO: [ route_check ] --END-- [ RunTime:0.001487s ]
INFO: [ app_begin ] --START--
INFO: Run ReadHtmlCache Behavior [ RunTime:0.000927s ]
INFO: [ app_begin ] --END-- [ RunTime:0.001032s ]
NOTIC: [2048] Declaration of IndexAction::show() should be compatible with that of Action::show() E:\wamp\www\bishe\Home\Lib\Action\IndexAction.class.php 第 19 行.
SQL: SHOW COLUMNS FROM `bs_user` [ RunTime:0.006984s ]
SQL: SELECT * FROM `bs_user`  [ RunTime:0.000961s ]
SQL: SELECT * FROM `bs_user`  [ RunTime:0.000701s ]
INFO: [ view_template ] --START--
INFO: Run LocationTemplate Behavior [ RunTime:0.001864s ]
INFO: [ view_template ] --END-- [ RunTime:0.002044s ]
INFO: [ view_parse ] --START--
INFO: Run ParseTemplate Behavior [ RunTime:0.012858s ]
INFO: [ view_parse ] --END-- [ RunTime:0.013076s ]
INFO: [ view_filter ] --START--
INFO: Run ContentReplace Behavior [ RunTime:0.000784s ]
INFO: Run TokenBuild Behavior [ RunTime:0.000763s ]
INFO: Run WriteHtmlCache Behavior [ RunTime:0.000794s ]
INFO: Run ShowRuntime Behavior [ RunTime:0.001015s ]
INFO: [ view_filter ] --END-- [ RunTime:0.003740s ]
INFO: [ view_end ] --START--
INFO: Run ShowPageTrace Behavior [ RunTime:0.001724s ]
INFO: [ view_end ] --END-- [ RunTime:0.001900s ]

[ 2015-04-05T20:16:26+08:00 ] 127.0.0.1 /bishe/index.php/Index/show
INFO: [ route_check ] --START--
INFO: Run CheckRoute Behavior [ RunTime:0.001775s ]
INFO: [ route_check ] --END-- [ RunTime:0.001987s ]
INFO: [ app_begin ] --START--
INFO: Run ReadHtmlCache Behavior [ RunTime:0.001210s ]
INFO: [ app_begin ] --END-- [ RunTime:0.001386s ]
NOTIC: [2048] Declaration of IndexAction::show() should be compatible with that of Action::show() E:\wamp\www\bishe\Home\Lib\Action\IndexAction.class.php 第 19 行.
SQL: SHOW COLUMNS FROM `bs_user` [ RunTime:0.007290s ]
SQL: SELECT * FROM `bs_user`  [ RunTime:0.000432s ]
SQL: SELECT * FROM `bs_user`  [ RunTime:0.000479s ]
INFO: [ view_template ] --START--
INFO: Run LocationTemplate Behavior [ RunTime:0.001377s ]
INFO: [ view_template ] --END-- [ RunTime:0.001531s ]
INFO: [ view_parse ] --START--
INFO: Run ParseTemplate Behavior [ RunTime:0.015287s ]
INFO: [ view_parse ] --END-- [ RunTime:0.015536s ]
INFO: [ view_filter ] --START--
INFO: Run ContentReplace Behavior [ RunTime:0.001071s ]
INFO: Run TokenBuild Behavior [ RunTime:0.001611s ]
INFO: Run WriteHtmlCache Behavior [ RunTime:0.000721s ]
INFO: Run ShowRuntime Behavior [ RunTime:0.002010s ]
INFO: [ view_filter ] --END-- [ RunTime:0.006157s ]
INFO: [ view_end ] --START--
INFO: Run ShowPageTrace Behavior [ RunTime:0.001266s ]
INFO: [ view_end ] --END-- [ RunTime:0.001454s ]

[ 2015-04-05T20:16:46+08:00 ] 127.0.0.1 /bishe/index.php/Index/show
INFO: [ route_check ] --START--
INFO: Run CheckRoute Behavior [ RunTime:0.000946s ]
INFO: [ route_check ] --END-- [ RunTime:0.001058s ]
INFO: [ app_begin ] --START--
INFO: Run ReadHtmlCache Behavior [ RunTime:0.000759s ]
INFO: [ app_begin ] --END-- [ RunTime:0.000851s ]
NOTIC: [2048] Declaration of IndexAction::show() should be compatible with that of Action::show() E:\wamp\www\bishe\Home\Lib\Action\IndexAction.class.php 第 19 行.
SQL: SHOW COLUMNS FROM `bs_user` [ RunTime:0.006893s ]
SQL: SELECT * FROM `bs_user`  [ RunTime:0.000435s ]
SQL: SELECT * FROM `bs_user`  [ RunTime:0.000270s ]
INFO: [ view_template ] --START--
INFO: Run LocationTemplate Behavior [ RunTime:0.001116s ]
INFO: [ view_template ] --END-- [ RunTime:0.001217s ]
INFO: [ view_parse ] --START--
INFO: Run ParseTemplate Behavior [ RunTime:0.014387s ]
INFO: [ view_parse ] --END-- [ RunTime:0.014554s ]
INFO: [ view_filter ] --START--
INFO: Run ContentReplace Behavior [ RunTime:0.001007s ]
INFO: Run TokenBuild Behavior [ RunTime:0.001021s ]
INFO: Run WriteHtmlCache Behavior [ RunTime:0.000854s ]
INFO: Run ShowRuntime Behavior [ RunTime:0.001133s ]
INFO: [ view_filter ] --END-- [ RunTime:0.004447s ]
INFO: [ view_end ] --START--
INFO: Run ShowPageTrace Behavior [ RunTime:0.001278s ]
INFO: [ view_end ] --END-- [ RunTime:0.001456s ]

[ 2015-04-05T20:17:03+08:00 ] 127.0.0.1 /bishe/index.php/Index/show
INFO: [ route_check ] --START--
INFO: Run CheckRoute Behavior [ RunTime:0.001428s ]
INFO: [ route_check ] --END-- [ RunTime:0.001617s ]
INFO: [ app_begin ] --START--
INFO: Run ReadHtmlCache Behavior [ RunTime:0.001181s ]
INFO: [ app_begin ] --END-- [ RunTime:0.001335s ]
NOTIC: [2048] Declaration of IndexAction::show() should be compatible with that of Action::show() E:\wamp\www\bishe\Home\Lib\Action\IndexAction.class.php 第 17 行.
SQL: SHOW COLUMNS FROM `bs_user` [ RunTime:0.008502s ]
SQL: SELECT * FROM `bs_user`  [ RunTime:0.000555s ]
INFO: [ view_template ] --START--
INFO: Run LocationTemplate Behavior [ RunTime:0.001122s ]
INFO: [ view_template ] --END-- [ RunTime:0.001248s ]
INFO: [ view_parse ] --START--
INFO: Run ParseTemplate Behavior [ RunTime:0.015872s ]
INFO: [ view_parse ] --END-- [ RunTime:0.016069s ]
INFO: [ view_filter ] --START--
INFO: Run ContentReplace Behavior [ RunTime:0.000937s ]
INFO: Run TokenBuild Behavior [ RunTime:0.000731s ]
INFO: Run WriteHtmlCache Behavior [ RunTime:0.000636s ]
INFO: Run ShowRuntime Behavior [ RunTime:0.000780s ]
INFO: [ view_filter ] --END-- [ RunTime:0.003385s ]
INFO: [ view_end ] --START--
INFO: Run ShowPageTrace Behavior [ RunTime:0.000951s ]
INFO: [ view_end ] --END-- [ RunTime:0.001040s ]

[ 2015-04-05T20:22:06+08:00 ] 127.0.0.1 /bishe/index.php/Index/show
INFO: [ route_check ] --START--
INFO: Run CheckRoute Behavior [ RunTime:0.001211s ]
INFO: [ route_check ] --END-- [ RunTime:0.001343s ]
INFO: [ app_begin ] --START--
INFO: Run ReadHtmlCache Behavior [ RunTime:0.001069s ]
INFO: [ app_begin ] --END-- [ RunTime:0.001204s ]
NOTIC: [2048] Declaration of IndexAction::show() should be compatible with that of Action::show() E:\wamp\www\bishe\Home\Lib\Action\IndexAction.class.php 第 17 行.
SQL: SHOW COLUMNS FROM `bs_user` [ RunTime:0.010415s ]
SQL: SELECT * FROM `bs_user`  [ RunTime:0.000412s ]
INFO: [ view_template ] --START--
INFO: Run LocationTemplate Behavior [ RunTime:0.001830s ]
INFO: [ view_template ] --END-- [ RunTime:0.002016s ]
INFO: [ view_parse ] --START--
INFO: Run ParseTemplate Behavior [ RunTime:0.014543s ]
INFO: [ view_parse ] --END-- [ RunTime:0.014712s ]
INFO: [ view_filter ] --START--
INFO: Run ContentReplace Behavior [ RunTime:0.001148s ]
INFO: Run TokenBuild Behavior [ RunTime:0.000907s ]
INFO: Run WriteHtmlCache Behavior [ RunTime:0.000576s ]
INFO: Run ShowRuntime Behavior [ RunTime:0.000999s ]
INFO: [ view_filter ] --END-- [ RunTime:0.003971s ]
INFO: [ view_end ] --START--
INFO: Run ShowPageTrace Behavior [ RunTime:0.001596s ]
INFO: [ view_end ] --END-- [ RunTime:0.001820s ]

[ 2015-04-05T20:22:09+08:00 ] 127.0.0.1 /bishe/index.php/Index/show
INFO: [ route_check ] --START--
INFO: Run CheckRoute Behavior [ RunTime:0.002130s ]
INFO: [ route_check ] --END-- [ RunTime:0.002460s ]
INFO: [ app_begin ] --START--
INFO: Run ReadHtmlCache Behavior [ RunTime:0.001495s ]
INFO: [ app_begin ] --END-- [ RunTime:0.001658s ]
NOTIC: [2048] Declaration of IndexAction::show() should be compatible with that of Action::show() E:\wamp\www\bishe\Home\Lib\Action\IndexAction.class.php 第 17 行.
SQL: SHOW COLUMNS FROM `bs_user` [ RunTime:0.006800s ]
SQL: SELECT * FROM `bs_user`  [ RunTime:0.000562s ]
INFO: [ view_template ] --START--
INFO: Run LocationTemplate Behavior [ RunTime:0.001462s ]
INFO: [ view_template ] --END-- [ RunTime:0.001604s ]
INFO: [ view_parse ] --START--
INFO: Run ParseTemplate Behavior [ RunTime:0.015255s ]
INFO: [ view_parse ] --END-- [ RunTime:0.015443s ]
INFO: [ view_filter ] --START--
INFO: Run ContentReplace Behavior [ RunTime:0.001126s ]
INFO: Run TokenBuild Behavior [ RunTime:0.001126s ]
INFO: Run WriteHtmlCache Behavior [ RunTime:0.000957s ]
INFO: Run ShowRuntime Behavior [ RunTime:0.001260s ]
INFO: [ view_filter ] --END-- [ RunTime:0.004974s ]
INFO: [ view_end ] --START--
INFO: Run ShowPageTrace Behavior [ RunTime:0.001310s ]
INFO: [ view_end ] --END-- [ RunTime:0.001476s ]

[ 2015-04-05T20:22:10+08:00 ] 127.0.0.1 /bishe/index.php/Index/show
INFO: [ route_check ] --START--
INFO: Run CheckRoute Behavior [ RunTime:0.001707s ]
INFO: [ route_check ] --END-- [ RunTime:0.001917s ]
INFO: [ app_begin ] --START--
INFO: Run ReadHtmlCache Behavior [ RunTime:0.001815s ]
INFO: [ app_begin ] --END-- [ RunTime:0.002127s ]
NOTIC: [2048] Declaration of IndexAction::show() should be compatible with that of Action::show() E:\wamp\www\bishe\Home\Lib\Action\IndexAction.class.php 第 17 行.
SQL: SHOW COLUMNS FROM `bs_user` [ RunTime:0.007684s ]
SQL: SELECT * FROM `bs_user`  [ RunTime:0.001168s ]
INFO: [ view_template ] --START--
INFO: Run LocationTemplate Behavior [ RunTime:0.002178s ]
INFO: [ view_template ] --END-- [ RunTime:0.002408s ]
INFO: [ view_parse ] --START--
INFO: Run ParseTemplate Behavior [ RunTime:0.016140s ]
INFO: [ view_parse ] --END-- [ RunTime:0.016348s ]
INFO: [ view_filter ] --START--
INFO: Run ContentReplace Behavior [ RunTime:0.000751s ]
INFO: Run TokenBuild Behavior [ RunTime:0.000702s ]
INFO: Run WriteHtmlCache Behavior [ RunTime:0.000558s ]
INFO: Run ShowRuntime Behavior [ RunTime:0.000767s ]
INFO: [ view_filter ] --END-- [ RunTime:0.003050s ]
INFO: [ view_end ] --START--
INFO: Run ShowPageTrace Behavior [ RunTime:0.000833s ]
INFO: [ view_end ] --END-- [ RunTime:0.000928s ]

[ 2015-04-05T20:22:13+08:00 ] 127.0.0.1 /bishe/index.php/Index/show
INFO: [ route_check ] --START--
INFO: Run CheckRoute Behavior [ RunTime:0.001080s ]
INFO: [ route_check ] --END-- [ RunTime:0.001210s ]
INFO: [ app_begin ] --START--
INFO: Run ReadHtmlCache Behavior [ RunTime:0.001454s ]
INFO: [ app_begin ] --END-- [ RunTime:0.001719s ]
NOTIC: [2048] Declaration of IndexAction::show() should be compatible with that of Action::show() E:\wamp\www\bishe\Home\Lib\Action\IndexAction.class.php 第 17 行.
SQL: SHOW COLUMNS FROM `bs_user` [ RunTime:0.010303s ]
SQL: SELECT * FROM `bs_user`  [ RunTime:0.001115s ]
INFO: [ view_template ] --START--
INFO: Run LocationTemplate Behavior [ RunTime:0.001767s ]
INFO: [ view_template ] --END-- [ RunTime:0.001987s ]
INFO: [ view_parse ] --START--
INFO: Run ParseTemplate Behavior [ RunTime:0.016777s ]
INFO: [ view_parse ] --END-- [ RunTime:0.017008s ]
INFO: [ view_filter ] --START--
INFO: Run ContentReplace Behavior [ RunTime:0.000904s ]
INFO: Run TokenBuild Behavior [ RunTime:0.000745s ]
INFO: Run WriteHtmlCache Behavior [ RunTime:0.000665s ]
INFO: Run ShowRuntime Behavior [ RunTime:0.000994s ]
INFO: [ view_filter ] --END-- [ RunTime:0.003654s ]
INFO: [ view_end ] --START--
INFO: Run ShowPageTrace Behavior [ RunTime:0.000918s ]
INFO: [ view_end ] --END-- [ RunTime:0.001095s ]

